{"meta": {"format": 3, "version": "7.10.0", "timestamp": "2025-07-27T07:25:56.566783", "branch_coverage": false, "show_contexts": false}, "files": {"backend/app/__init__.py": {"executed_lines": [1, 8, 9, 10], "summary": {"covered_lines": 3, "num_statements": 3, "percent_covered": 100.0, "percent_covered_display": "100", "missing_lines": 0, "excluded_lines": 0}, "missing_lines": [], "excluded_lines": [], "functions": {"": {"executed_lines": [1, 8, 9, 10], "summary": {"covered_lines": 3, "num_statements": 3, "percent_covered": 100.0, "percent_covered_display": "100", "missing_lines": 0, "excluded_lines": 0}, "missing_lines": [], "excluded_lines": []}}, "classes": {"": {"executed_lines": [1, 8, 9, 10], "summary": {"covered_lines": 3, "num_statements": 3, "percent_covered": 100.0, "percent_covered_display": "100", "missing_lines": 0, "excluded_lines": 0}, "missing_lines": [], "excluded_lines": []}}}, "backend/app/api/__init__.py": {"executed_lines": [1], "summary": {"covered_lines": 0, "num_statements": 0, "percent_covered": 100.0, "percent_covered_display": "100", "missing_lines": 0, "excluded_lines": 0}, "missing_lines": [], "excluded_lines": [], "functions": {"": {"executed_lines": [1], "summary": {"covered_lines": 0, "num_statements": 0, "percent_covered": 100.0, "percent_covered_display": "100", "missing_lines": 0, "excluded_lines": 0}, "missing_lines": [], "excluded_lines": []}}, "classes": {"": {"executed_lines": [1], "summary": {"covered_lines": 0, "num_statements": 0, "percent_covered": 100.0, "percent_covered_display": "100", "missing_lines": 0, "excluded_lines": 0}, "missing_lines": [], "excluded_lines": []}}}, "backend/app/api/v1/__init__.py": {"executed_lines": [1], "summary": {"covered_lines": 0, "num_statements": 0, "percent_covered": 100.0, "percent_covered_display": "100", "missing_lines": 0, "excluded_lines": 0}, "missing_lines": [], "excluded_lines": [], "functions": {"": {"executed_lines": [1], "summary": {"covered_lines": 0, "num_statements": 0, "percent_covered": 100.0, "percent_covered_display": "100", "missing_lines": 0, "excluded_lines": 0}, "missing_lines": [], "excluded_lines": []}}, "classes": {"": {"executed_lines": [1], "summary": {"covered_lines": 0, "num_statements": 0, "percent_covered": 100.0, "percent_covered_display": "100", "missing_lines": 0, "excluded_lines": 0}, "missing_lines": [], "excluded_lines": []}}}, "backend/app/api/v1/api.py": {"executed_lines": [1, 7, 25, 26, 29, 32, 33, 34, 37, 40, 41, 42, 45, 46, 47, 48, 49, 50, 53, 56, 57, 58], "summary": {"covered_lines": 21, "num_statements": 21, "percent_covered": 100.0, "percent_covered_display": "100", "missing_lines": 0, "excluded_lines": 0}, "missing_lines": [], "excluded_lines": [], "functions": {"": {"executed_lines": [1, 7, 25, 26, 29, 32, 33, 34, 37, 40, 41, 42, 45, 46, 47, 48, 49, 50, 53, 56, 57, 58], "summary": {"covered_lines": 21, "num_statements": 21, "percent_covered": 100.0, "percent_covered_display": "100", "missing_lines": 0, "excluded_lines": 0}, "missing_lines": [], "excluded_lines": []}}, "classes": {"": {"executed_lines": [1, 7, 25, 26, 29, 32, 33, 34, 37, 40, 41, 42, 45, 46, 47, 48, 49, 50, 53, 56, 57, 58], "summary": {"covered_lines": 21, "num_statements": 21, "percent_covered": 100.0, "percent_covered_display": "100", "missing_lines": 0, "excluded_lines": 0}, "missing_lines": [], "excluded_lines": []}}}, "backend/app/api/v1/endpoints/__init__.py": {"executed_lines": [1], "summary": {"covered_lines": 0, "num_statements": 0, "percent_covered": 100.0, "percent_covered_display": "100", "missing_lines": 0, "excluded_lines": 0}, "missing_lines": [], "excluded_lines": [], "functions": {"": {"executed_lines": [1], "summary": {"covered_lines": 0, "num_statements": 0, "percent_covered": 100.0, "percent_covered_display": "100", "missing_lines": 0, "excluded_lines": 0}, "missing_lines": [], "excluded_lines": []}}, "classes": {"": {"executed_lines": [1], "summary": {"covered_lines": 0, "num_statements": 0, "percent_covered": 100.0, "percent_covered_display": "100", "missing_lines": 0, "excluded_lines": 0}, "missing_lines": [], "excluded_lines": []}}}, "backend/app/api/v1/endpoints/ai.py": {"executed_lines": [1, 7, 8, 9, 11, 14, 15, 24, 25, 34, 35, 43, 44], "summary": {"covered_lines": 12, "num_statements": 30, "percent_covered": 40.0, "percent_covered_display": "40", "missing_lines": 18, "excluded_lines": 0}, "missing_lines": [17, 18, 19, 20, 21, 27, 28, 29, 30, 31, 37, 38, 39, 40, 46, 47, 48, 49], "excluded_lines": [], "functions": {"get_available_models": {"executed_lines": [], "summary": {"covered_lines": 0, "num_statements": 5, "percent_covered": 0.0, "percent_covered_display": "0", "missing_lines": 5, "excluded_lines": 0}, "missing_lines": [17, 18, 19, 20, 21], "excluded_lines": []}, "get_available_providers": {"executed_lines": [], "summary": {"covered_lines": 0, "num_statements": 5, "percent_covered": 0.0, "percent_covered_display": "0", "missing_lines": 5, "excluded_lines": 0}, "missing_lines": [27, 28, 29, 30, 31], "excluded_lines": []}, "ai_health_check": {"executed_lines": [], "summary": {"covered_lines": 0, "num_statements": 4, "percent_covered": 0.0, "percent_covered_display": "0", "missing_lines": 4, "excluded_lines": 0}, "missing_lines": [37, 38, 39, 40], "excluded_lines": []}, "get_cost_summary": {"executed_lines": [], "summary": {"covered_lines": 0, "num_statements": 4, "percent_covered": 0.0, "percent_covered_display": "0", "missing_lines": 4, "excluded_lines": 0}, "missing_lines": [46, 47, 48, 49], "excluded_lines": []}, "": {"executed_lines": [1, 7, 8, 9, 11, 14, 15, 24, 25, 34, 35, 43, 44], "summary": {"covered_lines": 12, "num_statements": 12, "percent_covered": 100.0, "percent_covered_display": "100", "missing_lines": 0, "excluded_lines": 0}, "missing_lines": [], "excluded_lines": []}}, "classes": {"": {"executed_lines": [1, 7, 8, 9, 11, 14, 15, 24, 25, 34, 35, 43, 44], "summary": {"covered_lines": 12, "num_statements": 30, "percent_covered": 40.0, "percent_covered_display": "40", "missing_lines": 18, "excluded_lines": 0}, "missing_lines": [17, 18, 19, 20, 21, 27, 28, 29, 30, 31, 37, 38, 39, 40, 46, 47, 48, 49], "excluded_lines": []}}}, "backend/app/api/v1/endpoints/assistants.py": {"executed_lines": [], "summary": {"covered_lines": 0, "num_statements": 6, "percent_covered": 0.0, "percent_covered_display": "0", "missing_lines": 6, "excluded_lines": 0}, "missing_lines": [7, 9, 10, 12, 13, 14], "excluded_lines": [], "functions": {"": {"executed_lines": [], "summary": {"covered_lines": 0, "num_statements": 6, "percent_covered": 0.0, "percent_covered_display": "0", "missing_lines": 6, "excluded_lines": 0}, "missing_lines": [7, 9, 10, 12, 13, 14], "excluded_lines": []}}, "classes": {"": {"executed_lines": [], "summary": {"covered_lines": 0, "num_statements": 6, "percent_covered": 0.0, "percent_covered_display": "0", "missing_lines": 6, "excluded_lines": 0}, "missing_lines": [7, 9, 10, 12, 13, 14], "excluded_lines": []}}}, "backend/app/api/v1/endpoints/assistants_management.py": {"executed_lines": [1, 5, 7, 8, 9, 10, 11, 12, 13, 17, 18, 20, 21, 22, 23, 24, 25, 26, 32, 33, 34, 35, 36, 42, 43, 45, 51, 52, 53, 54, 55, 56, 62, 63, 64, 65, 66, 69, 70, 72, 73, 74, 75, 76, 77, 78, 79, 80, 81, 82, 83, 84, 85, 86, 87, 88, 89, 91, 94, 98, 99, 112, 113, 129, 130, 135, 136, 147, 148, 162, 163, 165, 167, 168, 169, 178, 179, 196, 197, 212, 213, 224, 225, 241, 242, 258, 259, 274, 275], "summary": {"covered_lines": 84, "num_statements": 122, "percent_covered": 68.85245901639344, "percent_covered_display": "69", "missing_lines": 38, "excluded_lines": 0}, "missing_lines": [107, 108, 120, 121, 132, 140, 141, 142, 143, 144, 153, 154, 155, 156, 159, 171, 172, 173, 174, 175, 185, 186, 187, 188, 192, 207, 208, 219, 220, 236, 237, 252, 253, 254, 269, 270, 285, 286], "excluded_lines": [], "functions": {"get_assistants": {"executed_lines": [], "summary": {"covered_lines": 0, "num_statements": 2, "percent_covered": 0.0, "percent_covered_display": "0", "missing_lines": 2, "excluded_lines": 0}, "missing_lines": [107, 108], "excluded_lines": []}, "get_public_assistants": {"executed_lines": [], "summary": {"covered_lines": 0, "num_statements": 2, "percent_covered": 0.0, "percent_covered_display": "0", "missing_lines": 2, "excluded_lines": 0}, "missing_lines": [120, 121], "excluded_lines": []}, "get_assistant_statuses": {"executed_lines": [], "summary": {"covered_lines": 0, "num_statements": 1, "percent_covered": 0.0, "percent_covered_display": "0", "missing_lines": 1, "excluded_lines": 0}, "missing_lines": [132], "excluded_lines": []}, "get_default_assistant": {"executed_lines": [], "summary": {"covered_lines": 0, "num_statements": 5, "percent_covered": 0.0, "percent_covered_display": "0", "missing_lines": 5, "excluded_lines": 0}, "missing_lines": [140, 141, 142, 143, 144], "excluded_lines": []}, "get_default_assistant_id": {"executed_lines": [], "summary": {"covered_lines": 0, "num_statements": 5, "percent_covered": 0.0, "percent_covered_display": "0", "missing_lines": 5, "excluded_lines": 0}, "missing_lines": [153, 154, 155, 156, 159], "excluded_lines": []}, "DefaultAssistantRequest.validate_assistant_id": {"executed_lines": [], "summary": {"covered_lines": 0, "num_statements": 5, "percent_covered": 0.0, "percent_covered_display": "0", "missing_lines": 5, "excluded_lines": 0}, "missing_lines": [171, 172, 173, 174, 175], "excluded_lines": []}, "set_default_assistant": {"executed_lines": [], "summary": {"covered_lines": 0, "num_statements": 5, "percent_covered": 0.0, "percent_covered_display": "0", "missing_lines": 5, "excluded_lines": 0}, "missing_lines": [185, 186, 187, 188, 192], "excluded_lines": []}, "get_assistant": {"executed_lines": [], "summary": {"covered_lines": 0, "num_statements": 2, "percent_covered": 0.0, "percent_covered_display": "0", "missing_lines": 2, "excluded_lines": 0}, "missing_lines": [207, 208], "excluded_lines": []}, "create_assistant": {"executed_lines": [], "summary": {"covered_lines": 0, "num_statements": 2, "percent_covered": 0.0, "percent_covered_display": "0", "missing_lines": 2, "excluded_lines": 0}, "missing_lines": [219, 220], "excluded_lines": []}, "update_assistant": {"executed_lines": [], "summary": {"covered_lines": 0, "num_statements": 2, "percent_covered": 0.0, "percent_covered_display": "0", "missing_lines": 2, "excluded_lines": 0}, "missing_lines": [236, 237], "excluded_lines": []}, "delete_assistant": {"executed_lines": [], "summary": {"covered_lines": 0, "num_statements": 3, "percent_covered": 0.0, "percent_covered_display": "0", "missing_lines": 3, "excluded_lines": 0}, "missing_lines": [252, 253, 254], "excluded_lines": []}, "activate_assistant": {"executed_lines": [], "summary": {"covered_lines": 0, "num_statements": 2, "percent_covered": 0.0, "percent_covered_display": "0", "missing_lines": 2, "excluded_lines": 0}, "missing_lines": [269, 270], "excluded_lines": []}, "deactivate_assistant": {"executed_lines": [], "summary": {"covered_lines": 0, "num_statements": 2, "percent_covered": 0.0, "percent_covered_display": "0", "missing_lines": 2, "excluded_lines": 0}, "missing_lines": [285, 286], "excluded_lines": []}, "": {"executed_lines": [1, 5, 7, 8, 9, 10, 11, 12, 13, 17, 18, 20, 21, 22, 23, 24, 25, 26, 32, 33, 34, 35, 36, 42, 43, 45, 51, 52, 53, 54, 55, 56, 62, 63, 64, 65, 66, 69, 70, 72, 73, 74, 75, 76, 77, 78, 79, 80, 81, 82, 83, 84, 85, 86, 87, 88, 89, 91, 94, 98, 99, 112, 113, 129, 130, 135, 136, 147, 148, 162, 163, 165, 167, 168, 169, 178, 179, 196, 197, 212, 213, 224, 225, 241, 242, 258, 259, 274, 275], "summary": {"covered_lines": 84, "num_statements": 84, "percent_covered": 100.0, "percent_covered_display": "100", "missing_lines": 0, "excluded_lines": 0}, "missing_lines": [], "excluded_lines": []}}, "classes": {"AssistantCreate": {"executed_lines": [], "summary": {"covered_lines": 0, "num_statements": 0, "percent_covered": 100.0, "percent_covered_display": "100", "missing_lines": 0, "excluded_lines": 0}, "missing_lines": [], "excluded_lines": []}, "AssistantUpdate": {"executed_lines": [], "summary": {"covered_lines": 0, "num_statements": 0, "percent_covered": 100.0, "percent_covered_display": "100", "missing_lines": 0, "excluded_lines": 0}, "missing_lines": [], "excluded_lines": []}, "AssistantResponse": {"executed_lines": [], "summary": {"covered_lines": 0, "num_statements": 0, "percent_covered": 100.0, "percent_covered_display": "100", "missing_lines": 0, "excluded_lines": 0}, "missing_lines": [], "excluded_lines": []}, "DefaultAssistantRequest": {"executed_lines": [], "summary": {"covered_lines": 0, "num_statements": 5, "percent_covered": 0.0, "percent_covered_display": "0", "missing_lines": 5, "excluded_lines": 0}, "missing_lines": [171, 172, 173, 174, 175], "excluded_lines": []}, "": {"executed_lines": [1, 5, 7, 8, 9, 10, 11, 12, 13, 17, 18, 20, 21, 22, 23, 24, 25, 26, 32, 33, 34, 35, 36, 42, 43, 45, 51, 52, 53, 54, 55, 56, 62, 63, 64, 65, 66, 69, 70, 72, 73, 74, 75, 76, 77, 78, 79, 80, 81, 82, 83, 84, 85, 86, 87, 88, 89, 91, 94, 98, 99, 112, 113, 129, 130, 135, 136, 147, 148, 162, 163, 165, 167, 168, 169, 178, 179, 196, 197, 212, 213, 224, 225, 241, 242, 258, 259, 274, 275], "summary": {"covered_lines": 84, "num_statements": 117, "percent_covered": 71.7948717948718, "percent_covered_display": "72", "missing_lines": 33, "excluded_lines": 0}, "missing_lines": [107, 108, 120, 121, 132, 140, 141, 142, 143, 144, 153, 154, 155, 156, 159, 185, 186, 187, 188, 192, 207, 208, 219, 220, 236, 237, 252, 253, 254, 269, 270, 285, 286], "excluded_lines": []}}}, "backend/app/api/v1/endpoints/assistants_tools.py": {"executed_lines": [], "summary": {"covered_lines": 0, "num_statements": 19, "percent_covered": 0.0, "percent_covered_display": "0", "missing_lines": 19, "excluded_lines": 0}, "missing_lines": [5, 7, 8, 9, 10, 11, 12, 16, 19, 20, 23, 27, 28, 35, 36, 45, 46, 53, 54], "excluded_lines": [], "functions": {"add_tool_to_assistant": {"executed_lines": [], "summary": {"covered_lines": 0, "num_statements": 2, "percent_covered": 0.0, "percent_covered_display": "0", "missing_lines": 2, "excluded_lines": 0}, "missing_lines": [35, 36], "excluded_lines": []}, "remove_tool_from_assistant": {"executed_lines": [], "summary": {"covered_lines": 0, "num_statements": 2, "percent_covered": 0.0, "percent_covered_display": "0", "missing_lines": 2, "excluded_lines": 0}, "missing_lines": [53, 54], "excluded_lines": []}, "": {"executed_lines": [], "summary": {"covered_lines": 0, "num_statements": 15, "percent_covered": 0.0, "percent_covered_display": "0", "missing_lines": 15, "excluded_lines": 0}, "missing_lines": [5, 7, 8, 9, 10, 11, 12, 16, 19, 20, 23, 27, 28, 45, 46], "excluded_lines": []}}, "classes": {"ToolAssignmentRequest": {"executed_lines": [], "summary": {"covered_lines": 0, "num_statements": 0, "percent_covered": 100.0, "percent_covered_display": "100", "missing_lines": 0, "excluded_lines": 0}, "missing_lines": [], "excluded_lines": []}, "": {"executed_lines": [], "summary": {"covered_lines": 0, "num_statements": 19, "percent_covered": 0.0, "percent_covered_display": "0", "missing_lines": 19, "excluded_lines": 0}, "missing_lines": [5, 7, 8, 9, 10, 11, 12, 16, 19, 20, 23, 27, 28, 35, 36, 45, 46, 53, 54], "excluded_lines": []}}}, "backend/app/api/v1/endpoints/audit.py": {"executed_lines": [], "summary": {"covered_lines": 0, "num_statements": 2, "percent_covered": 0.0, "percent_covered_display": "0", "missing_lines": 2, "excluded_lines": 0}, "missing_lines": [7, 9], "excluded_lines": [], "functions": {"": {"executed_lines": [], "summary": {"covered_lines": 0, "num_statements": 2, "percent_covered": 0.0, "percent_covered_display": "0", "missing_lines": 2, "excluded_lines": 0}, "missing_lines": [7, 9], "excluded_lines": []}}, "classes": {"": {"executed_lines": [], "summary": {"covered_lines": 0, "num_statements": 2, "percent_covered": 0.0, "percent_covered_display": "0", "missing_lines": 2, "excluded_lines": 0}, "missing_lines": [7, 9], "excluded_lines": []}}}, "backend/app/api/v1/endpoints/audit/__init__.py": {"executed_lines": [1, 13, 15, 16, 17, 18, 19, 20, 21, 24, 27, 28, 29, 32, 33, 34, 35], "summary": {"covered_lines": 16, "num_statements": 16, "percent_covered": 100.0, "percent_covered_display": "100", "missing_lines": 0, "excluded_lines": 0}, "missing_lines": [], "excluded_lines": [], "functions": {"": {"executed_lines": [1, 13, 15, 16, 17, 18, 19, 20, 21, 24, 27, 28, 29, 32, 33, 34, 35], "summary": {"covered_lines": 16, "num_statements": 16, "percent_covered": 100.0, "percent_covered_display": "100", "missing_lines": 0, "excluded_lines": 0}, "missing_lines": [], "excluded_lines": []}}, "classes": {"": {"executed_lines": [1, 13, 15, 16, 17, 18, 19, 20, 21, 24, 27, 28, 29, 32, 33, 34, 35], "summary": {"covered_lines": 16, "num_statements": 16, "percent_covered": 100.0, "percent_covered_display": "100", "missing_lines": 0, "excluded_lines": 0}, "missing_lines": [], "excluded_lines": []}}}, "backend/app/api/v1/endpoints/audit/alerts.py": {"executed_lines": [1, 9, 10, 12, 13, 14, 15, 21, 22, 23, 24, 26, 28, 31, 32, 62, 67, 95, 96, 133, 134, 173, 174], "summary": {"covered_lines": 22, "num_statements": 81, "percent_covered": 27.160493827160494, "percent_covered_display": "27", "missing_lines": 59, "excluded_lines": 0}, "missing_lines": [39, 40, 41, 48, 49, 50, 54, 55, 56, 73, 74, 75, 81, 82, 83, 87, 88, 89, 102, 103, 104, 110, 111, 116, 117, 118, 119, 120, 121, 125, 126, 127, 141, 142, 143, 150, 151, 156, 157, 158, 159, 160, 161, 165, 166, 167, 180, 181, 182, 188, 189, 193, 194, 195, 196, 197, 201, 202, 203], "excluded_lines": [], "functions": {"get_audit_alerts": {"executed_lines": [], "summary": {"covered_lines": 0, "num_statements": 9, "percent_covered": 0.0, "percent_covered_display": "0", "missing_lines": 9, "excluded_lines": 0}, "missing_lines": [39, 40, 41, 48, 49, 50, 54, 55, 56], "excluded_lines": []}, "create_audit_alert": {"executed_lines": [], "summary": {"covered_lines": 0, "num_statements": 9, "percent_covered": 0.0, "percent_covered_display": "0", "missing_lines": 9, "excluded_lines": 0}, "missing_lines": [73, 74, 75, 81, 82, 83, 87, 88, 89], "excluded_lines": []}, "get_audit_alert": {"executed_lines": [], "summary": {"covered_lines": 0, "num_statements": 14, "percent_covered": 0.0, "percent_covered_display": "0", "missing_lines": 14, "excluded_lines": 0}, "missing_lines": [102, 103, 104, 110, 111, 116, 117, 118, 119, 120, 121, 125, 126, 127], "excluded_lines": []}, "update_audit_alert": {"executed_lines": [], "summary": {"covered_lines": 0, "num_statements": 14, "percent_covered": 0.0, "percent_covered_display": "0", "missing_lines": 14, "excluded_lines": 0}, "missing_lines": [141, 142, 143, 150, 151, 156, 157, 158, 159, 160, 161, 165, 166, 167], "excluded_lines": []}, "delete_audit_alert": {"executed_lines": [], "summary": {"covered_lines": 0, "num_statements": 13, "percent_covered": 0.0, "percent_covered_display": "0", "missing_lines": 13, "excluded_lines": 0}, "missing_lines": [180, 181, 182, 188, 189, 193, 194, 195, 196, 197, 201, 202, 203], "excluded_lines": []}, "": {"executed_lines": [1, 9, 10, 12, 13, 14, 15, 21, 22, 23, 24, 26, 28, 31, 32, 62, 67, 95, 96, 133, 134, 173, 174], "summary": {"covered_lines": 22, "num_statements": 22, "percent_covered": 100.0, "percent_covered_display": "100", "missing_lines": 0, "excluded_lines": 0}, "missing_lines": [], "excluded_lines": []}}, "classes": {"": {"executed_lines": [1, 9, 10, 12, 13, 14, 15, 21, 22, 23, 24, 26, 28, 31, 32, 62, 67, 95, 96, 133, 134, 173, 174], "summary": {"covered_lines": 22, "num_statements": 81, "percent_covered": 27.160493827160494, "percent_covered_display": "27", "missing_lines": 59, "excluded_lines": 0}, "missing_lines": [39, 40, 41, 48, 49, 50, 54, 55, 56, 73, 74, 75, 81, 82, 83, 87, 88, 89, 102, 103, 104, 110, 111, 116, 117, 118, 119, 120, 121, 125, 126, 127, 141, 142, 143, 150, 151, 156, 157, 158, 159, 160, 161, 165, 166, 167, 180, 181, 182, 188, 189, 193, 194, 195, 196, 197, 201, 202, 203], "excluded_lines": []}}}, "backend/app/api/v1/endpoints/audit/archives.py": {"executed_lines": [1, 9, 10, 12, 13, 14, 15, 20, 21, 22, 23, 25, 27, 30, 31, 61, 62, 99, 100], "summary": {"covered_lines": 18, "num_statements": 55, "percent_covered": 32.72727272727273, "percent_covered_display": "33", "missing_lines": 37, "excluded_lines": 0}, "missing_lines": [38, 39, 40, 47, 48, 49, 53, 54, 55, 68, 69, 70, 76, 77, 82, 83, 84, 85, 86, 87, 91, 92, 93, 107, 108, 109, 116, 117, 122, 123, 124, 125, 126, 127, 131, 132, 133], "excluded_lines": [], "functions": {"get_audit_archives": {"executed_lines": [], "summary": {"covered_lines": 0, "num_statements": 9, "percent_covered": 0.0, "percent_covered_display": "0", "missing_lines": 9, "excluded_lines": 0}, "missing_lines": [38, 39, 40, 47, 48, 49, 53, 54, 55], "excluded_lines": []}, "get_audit_archive": {"executed_lines": [], "summary": {"covered_lines": 0, "num_statements": 14, "percent_covered": 0.0, "percent_covered_display": "0", "missing_lines": 14, "excluded_lines": 0}, "missing_lines": [68, 69, 70, 76, 77, 82, 83, 84, 85, 86, 87, 91, 92, 93], "excluded_lines": []}, "update_audit_archive": {"executed_lines": [], "summary": {"covered_lines": 0, "num_statements": 14, "percent_covered": 0.0, "percent_covered_display": "0", "missing_lines": 14, "excluded_lines": 0}, "missing_lines": [107, 108, 109, 116, 117, 122, 123, 124, 125, 126, 127, 131, 132, 133], "excluded_lines": []}, "": {"executed_lines": [1, 9, 10, 12, 13, 14, 15, 20, 21, 22, 23, 25, 27, 30, 31, 61, 62, 99, 100], "summary": {"covered_lines": 18, "num_statements": 18, "percent_covered": 100.0, "percent_covered_display": "100", "missing_lines": 0, "excluded_lines": 0}, "missing_lines": [], "excluded_lines": []}}, "classes": {"": {"executed_lines": [1, 9, 10, 12, 13, 14, 15, 20, 21, 22, 23, 25, 27, 30, 31, 61, 62, 99, 100], "summary": {"covered_lines": 18, "num_statements": 55, "percent_covered": 32.72727272727273, "percent_covered_display": "33", "missing_lines": 37, "excluded_lines": 0}, "missing_lines": [38, 39, 40, 47, 48, 49, 53, 54, 55, 68, 69, 70, 76, 77, 82, 83, 84, 85, 86, 87, 91, 92, 93, 107, 108, 109, 116, 117, 122, 123, 124, 125, 126, 127, 131, 132, 133], "excluded_lines": []}}}, "backend/app/api/v1/endpoints/audit/compliance.py": {"executed_lines": [1, 10, 11, 13, 14, 15, 16, 17, 24, 25, 26, 27, 29, 31, 34, 35, 72, 77, 105, 106, 134, 135, 174, 175, 216, 220], "summary": {"covered_lines": 25, "num_statements": 93, "percent_covered": 26.881720430107528, "percent_covered_display": "27", "missing_lines": 68, "excluded_lines": 0}, "missing_lines": [47, 48, 49, 58, 59, 60, 64, 65, 66, 83, 84, 85, 91, 92, 93, 97, 98, 99, 112, 113, 114, 120, 121, 122, 126, 127, 128, 141, 142, 143, 149, 150, 155, 156, 157, 158, 159, 160, 164, 165, 168, 182, 183, 184, 191, 192, 197, 198, 199, 200, 201, 202, 206, 207, 210, 226, 227, 228, 234, 235, 239, 240, 241, 242, 243, 247, 248, 251], "excluded_lines": [], "functions": {"get_compliance_reports": {"executed_lines": [], "summary": {"covered_lines": 0, "num_statements": 9, "percent_covered": 0.0, "percent_covered_display": "0", "missing_lines": 9, "excluded_lines": 0}, "missing_lines": [47, 48, 49, 58, 59, 60, 64, 65, 66], "excluded_lines": []}, "create_compliance_report": {"executed_lines": [], "summary": {"covered_lines": 0, "num_statements": 9, "percent_covered": 0.0, "percent_covered_display": "0", "missing_lines": 9, "excluded_lines": 0}, "missing_lines": [83, 84, 85, 91, 92, 93, 97, 98, 99], "excluded_lines": []}, "generate_compliance_report": {"executed_lines": [], "summary": {"covered_lines": 0, "num_statements": 9, "percent_covered": 0.0, "percent_covered_display": "0", "missing_lines": 9, "excluded_lines": 0}, "missing_lines": [112, 113, 114, 120, 121, 122, 126, 127, 128], "excluded_lines": []}, "get_compliance_report": {"executed_lines": [], "summary": {"covered_lines": 0, "num_statements": 14, "percent_covered": 0.0, "percent_covered_display": "0", "missing_lines": 14, "excluded_lines": 0}, "missing_lines": [141, 142, 143, 149, 150, 155, 156, 157, 158, 159, 160, 164, 165, 168], "excluded_lines": []}, "update_compliance_report": {"executed_lines": [], "summary": {"covered_lines": 0, "num_statements": 14, "percent_covered": 0.0, "percent_covered_display": "0", "missing_lines": 14, "excluded_lines": 0}, "missing_lines": [182, 183, 184, 191, 192, 197, 198, 199, 200, 201, 202, 206, 207, 210], "excluded_lines": []}, "delete_compliance_report": {"executed_lines": [], "summary": {"covered_lines": 0, "num_statements": 13, "percent_covered": 0.0, "percent_covered_display": "0", "missing_lines": 13, "excluded_lines": 0}, "missing_lines": [226, 227, 228, 234, 235, 239, 240, 241, 242, 243, 247, 248, 251], "excluded_lines": []}, "": {"executed_lines": [1, 10, 11, 13, 14, 15, 16, 17, 24, 25, 26, 27, 29, 31, 34, 35, 72, 77, 105, 106, 134, 135, 174, 175, 216, 220], "summary": {"covered_lines": 25, "num_statements": 25, "percent_covered": 100.0, "percent_covered_display": "100", "missing_lines": 0, "excluded_lines": 0}, "missing_lines": [], "excluded_lines": []}}, "classes": {"": {"executed_lines": [1, 10, 11, 13, 14, 15, 16, 17, 24, 25, 26, 27, 29, 31, 34, 35, 72, 77, 105, 106, 134, 135, 174, 175, 216, 220], "summary": {"covered_lines": 25, "num_statements": 93, "percent_covered": 26.881720430107528, "percent_covered_display": "27", "missing_lines": 68, "excluded_lines": 0}, "missing_lines": [47, 48, 49, 58, 59, 60, 64, 65, 66, 83, 84, 85, 91, 92, 93, 97, 98, 99, 112, 113, 114, 120, 121, 122, 126, 127, 128, 141, 142, 143, 149, 150, 155, 156, 157, 158, 159, 160, 164, 165, 168, 182, 183, 184, 191, 192, 197, 198, 199, 200, 201, 202, 206, 207, 210, 226, 227, 228, 234, 235, 239, 240, 241, 242, 243, 247, 248, 251], "excluded_lines": []}}}, "backend/app/api/v1/endpoints/audit/logs.py": {"executed_lines": [1, 12, 13, 14, 15, 17, 18, 19, 25, 26, 33, 34, 35, 36, 38, 40, 43, 44, 117, 118, 155, 156, 195, 196, 234, 235], "summary": {"covered_lines": 25, "num_statements": 81, "percent_covered": 30.864197530864196, "percent_covered_display": "31", "missing_lines": 56, "excluded_lines": 0}, "missing_lines": [78, 79, 80, 93, 103, 104, 105, 109, 110, 111, 124, 125, 126, 132, 133, 138, 139, 140, 141, 142, 143, 147, 148, 149, 163, 164, 165, 172, 173, 178, 179, 180, 181, 182, 183, 187, 188, 189, 210, 211, 212, 220, 221, 222, 226, 227, 228, 241, 242, 243, 249, 250, 251, 255, 256, 257], "excluded_lines": [], "functions": {"get_audit_logs": {"executed_lines": [], "summary": {"covered_lines": 0, "num_statements": 10, "percent_covered": 0.0, "percent_covered_display": "0", "missing_lines": 10, "excluded_lines": 0}, "missing_lines": [78, 79, 80, 93, 103, 104, 105, 109, 110, 111], "excluded_lines": []}, "get_audit_log": {"executed_lines": [], "summary": {"covered_lines": 0, "num_statements": 14, "percent_covered": 0.0, "percent_covered_display": "0", "missing_lines": 14, "excluded_lines": 0}, "missing_lines": [124, 125, 126, 132, 133, 138, 139, 140, 141, 142, 143, 147, 148, 149], "excluded_lines": []}, "update_audit_log": {"executed_lines": [], "summary": {"covered_lines": 0, "num_statements": 14, "percent_covered": 0.0, "percent_covered_display": "0", "missing_lines": 14, "excluded_lines": 0}, "missing_lines": [163, 164, 165, 172, 173, 178, 179, 180, 181, 182, 183, 187, 188, 189], "excluded_lines": []}, "get_audit_statistics": {"executed_lines": [], "summary": {"covered_lines": 0, "num_statements": 9, "percent_covered": 0.0, "percent_covered_display": "0", "missing_lines": 9, "excluded_lines": 0}, "missing_lines": [210, 211, 212, 220, 221, 222, 226, 227, 228], "excluded_lines": []}, "export_audit_logs": {"executed_lines": [], "summary": {"covered_lines": 0, "num_statements": 9, "percent_covered": 0.0, "percent_covered_display": "0", "missing_lines": 9, "excluded_lines": 0}, "missing_lines": [241, 242, 243, 249, 250, 251, 255, 256, 257], "excluded_lines": []}, "": {"executed_lines": [1, 12, 13, 14, 15, 17, 18, 19, 25, 26, 33, 34, 35, 36, 38, 40, 43, 44, 117, 118, 155, 156, 195, 196, 234, 235], "summary": {"covered_lines": 25, "num_statements": 25, "percent_covered": 100.0, "percent_covered_display": "100", "missing_lines": 0, "excluded_lines": 0}, "missing_lines": [], "excluded_lines": []}}, "classes": {"": {"executed_lines": [1, 12, 13, 14, 15, 17, 18, 19, 25, 26, 33, 34, 35, 36, 38, 40, 43, 44, 117, 118, 155, 156, 195, 196, 234, 235], "summary": {"covered_lines": 25, "num_statements": 81, "percent_covered": 30.864197530864196, "percent_covered_display": "31", "missing_lines": 56, "excluded_lines": 0}, "missing_lines": [78, 79, 80, 93, 103, 104, 105, 109, 110, 111, 124, 125, 126, 132, 133, 138, 139, 140, 141, 142, 143, 147, 148, 149, 163, 164, 165, 172, 173, 178, 179, 180, 181, 182, 183, 187, 188, 189, 210, 211, 212, 220, 221, 222, 226, 227, 228, 241, 242, 243, 249, 250, 251, 255, 256, 257], "excluded_lines": []}}}, "backend/app/api/v1/endpoints/audit/maintenance.py": {"executed_lines": [1, 10, 11, 13, 14, 15, 16, 17, 18, 19, 21, 23, 26, 27, 58, 59], "summary": {"covered_lines": 15, "num_statements": 35, "percent_covered": 42.857142857142854, "percent_covered_display": "43", "missing_lines": 20, "excluded_lines": 0}, "missing_lines": [32, 33, 34, 39, 44, 45, 46, 50, 51, 52, 64, 65, 66, 71, 76, 77, 78, 83, 84, 85], "excluded_lines": [], "functions": {"cleanup_expired_logs": {"executed_lines": [], "summary": {"covered_lines": 0, "num_statements": 10, "percent_covered": 0.0, "percent_covered_display": "0", "missing_lines": 10, "excluded_lines": 0}, "missing_lines": [32, 33, 34, 39, 44, 45, 46, 50, 51, 52], "excluded_lines": []}, "audit_health_check": {"executed_lines": [], "summary": {"covered_lines": 0, "num_statements": 10, "percent_covered": 0.0, "percent_covered_display": "0", "missing_lines": 10, "excluded_lines": 0}, "missing_lines": [64, 65, 66, 71, 76, 77, 78, 83, 84, 85], "excluded_lines": []}, "": {"executed_lines": [1, 10, 11, 13, 14, 15, 16, 17, 18, 19, 21, 23, 26, 27, 58, 59], "summary": {"covered_lines": 15, "num_statements": 15, "percent_covered": 100.0, "percent_covered_display": "100", "missing_lines": 0, "excluded_lines": 0}, "missing_lines": [], "excluded_lines": []}}, "classes": {"": {"executed_lines": [1, 10, 11, 13, 14, 15, 16, 17, 18, 19, 21, 23, 26, 27, 58, 59], "summary": {"covered_lines": 15, "num_statements": 35, "percent_covered": 42.857142857142854, "percent_covered_display": "43", "missing_lines": 20, "excluded_lines": 0}, "missing_lines": [32, 33, 34, 39, 44, 45, 46, 50, 51, 52, 64, 65, 66, 71, 76, 77, 78, 83, 84, 85], "excluded_lines": []}}}, "backend/app/api/v1/endpoints/audit/policies.py": {"executed_lines": [1, 9, 10, 12, 13, 14, 15, 21, 22, 23, 24, 26, 28, 31, 32, 62, 67, 95, 96, 133, 134, 173, 174], "summary": {"covered_lines": 22, "num_statements": 81, "percent_covered": 27.160493827160494, "percent_covered_display": "27", "missing_lines": 59, "excluded_lines": 0}, "missing_lines": [39, 40, 41, 48, 49, 50, 54, 55, 56, 73, 74, 75, 81, 82, 83, 87, 88, 89, 102, 103, 104, 110, 111, 116, 117, 118, 119, 120, 121, 125, 126, 127, 141, 142, 143, 150, 151, 156, 157, 158, 159, 160, 161, 165, 166, 167, 180, 181, 182, 188, 189, 193, 194, 195, 196, 197, 201, 202, 203], "excluded_lines": [], "functions": {"get_audit_policies": {"executed_lines": [], "summary": {"covered_lines": 0, "num_statements": 9, "percent_covered": 0.0, "percent_covered_display": "0", "missing_lines": 9, "excluded_lines": 0}, "missing_lines": [39, 40, 41, 48, 49, 50, 54, 55, 56], "excluded_lines": []}, "create_audit_policy": {"executed_lines": [], "summary": {"covered_lines": 0, "num_statements": 9, "percent_covered": 0.0, "percent_covered_display": "0", "missing_lines": 9, "excluded_lines": 0}, "missing_lines": [73, 74, 75, 81, 82, 83, 87, 88, 89], "excluded_lines": []}, "get_audit_policy": {"executed_lines": [], "summary": {"covered_lines": 0, "num_statements": 14, "percent_covered": 0.0, "percent_covered_display": "0", "missing_lines": 14, "excluded_lines": 0}, "missing_lines": [102, 103, 104, 110, 111, 116, 117, 118, 119, 120, 121, 125, 126, 127], "excluded_lines": []}, "update_audit_policy": {"executed_lines": [], "summary": {"covered_lines": 0, "num_statements": 14, "percent_covered": 0.0, "percent_covered_display": "0", "missing_lines": 14, "excluded_lines": 0}, "missing_lines": [141, 142, 143, 150, 151, 156, 157, 158, 159, 160, 161, 165, 166, 167], "excluded_lines": []}, "delete_audit_policy": {"executed_lines": [], "summary": {"covered_lines": 0, "num_statements": 13, "percent_covered": 0.0, "percent_covered_display": "0", "missing_lines": 13, "excluded_lines": 0}, "missing_lines": [180, 181, 182, 188, 189, 193, 194, 195, 196, 197, 201, 202, 203], "excluded_lines": []}, "": {"executed_lines": [1, 9, 10, 12, 13, 14, 15, 21, 22, 23, 24, 26, 28, 31, 32, 62, 67, 95, 96, 133, 134, 173, 174], "summary": {"covered_lines": 22, "num_statements": 22, "percent_covered": 100.0, "percent_covered_display": "100", "missing_lines": 0, "excluded_lines": 0}, "missing_lines": [], "excluded_lines": []}}, "classes": {"": {"executed_lines": [1, 9, 10, 12, 13, 14, 15, 21, 22, 23, 24, 26, 28, 31, 32, 62, 67, 95, 96, 133, 134, 173, 174], "summary": {"covered_lines": 22, "num_statements": 81, "percent_covered": 27.160493827160494, "percent_covered_display": "27", "missing_lines": 59, "excluded_lines": 0}, "missing_lines": [39, 40, 41, 48, 49, 50, 54, 55, 56, 73, 74, 75, 81, 82, 83, 87, 88, 89, 102, 103, 104, 110, 111, 116, 117, 118, 119, 120, 121, 125, 126, 127, 141, 142, 143, 150, 151, 156, 157, 158, 159, 160, 161, 165, 166, 167, 180, 181, 182, 188, 189, 193, 194, 195, 196, 197, 201, 202, 203], "excluded_lines": []}}}, "backend/app/api/v1/endpoints/audit/retention.py": {"executed_lines": [1, 9, 10, 12, 13, 14, 15, 21, 22, 23, 24, 26, 28, 31, 32, 62, 67, 95, 96, 133, 134, 173, 174], "summary": {"covered_lines": 22, "num_statements": 81, "percent_covered": 27.160493827160494, "percent_covered_display": "27", "missing_lines": 59, "excluded_lines": 0}, "missing_lines": [39, 40, 41, 48, 49, 50, 54, 55, 56, 73, 74, 75, 81, 82, 83, 87, 88, 89, 102, 103, 104, 110, 111, 116, 117, 118, 119, 120, 121, 125, 126, 127, 141, 142, 143, 150, 151, 156, 157, 158, 159, 160, 161, 165, 166, 167, 180, 181, 182, 188, 189, 193, 194, 195, 196, 197, 201, 202, 203], "excluded_lines": [], "functions": {"get_retention_rules": {"executed_lines": [], "summary": {"covered_lines": 0, "num_statements": 9, "percent_covered": 0.0, "percent_covered_display": "0", "missing_lines": 9, "excluded_lines": 0}, "missing_lines": [39, 40, 41, 48, 49, 50, 54, 55, 56], "excluded_lines": []}, "create_retention_rule": {"executed_lines": [], "summary": {"covered_lines": 0, "num_statements": 9, "percent_covered": 0.0, "percent_covered_display": "0", "missing_lines": 9, "excluded_lines": 0}, "missing_lines": [73, 74, 75, 81, 82, 83, 87, 88, 89], "excluded_lines": []}, "get_retention_rule": {"executed_lines": [], "summary": {"covered_lines": 0, "num_statements": 14, "percent_covered": 0.0, "percent_covered_display": "0", "missing_lines": 14, "excluded_lines": 0}, "missing_lines": [102, 103, 104, 110, 111, 116, 117, 118, 119, 120, 121, 125, 126, 127], "excluded_lines": []}, "update_retention_rule": {"executed_lines": [], "summary": {"covered_lines": 0, "num_statements": 14, "percent_covered": 0.0, "percent_covered_display": "0", "missing_lines": 14, "excluded_lines": 0}, "missing_lines": [141, 142, 143, 150, 151, 156, 157, 158, 159, 160, 161, 165, 166, 167], "excluded_lines": []}, "delete_retention_rule": {"executed_lines": [], "summary": {"covered_lines": 0, "num_statements": 13, "percent_covered": 0.0, "percent_covered_display": "0", "missing_lines": 13, "excluded_lines": 0}, "missing_lines": [180, 181, 182, 188, 189, 193, 194, 195, 196, 197, 201, 202, 203], "excluded_lines": []}, "": {"executed_lines": [1, 9, 10, 12, 13, 14, 15, 21, 22, 23, 24, 26, 28, 31, 32, 62, 67, 95, 96, 133, 134, 173, 174], "summary": {"covered_lines": 22, "num_statements": 22, "percent_covered": 100.0, "percent_covered_display": "100", "missing_lines": 0, "excluded_lines": 0}, "missing_lines": [], "excluded_lines": []}}, "classes": {"": {"executed_lines": [1, 9, 10, 12, 13, 14, 15, 21, 22, 23, 24, 26, 28, 31, 32, 62, 67, 95, 96, 133, 134, 173, 174], "summary": {"covered_lines": 22, "num_statements": 81, "percent_covered": 27.160493827160494, "percent_covered_display": "27", "missing_lines": 59, "excluded_lines": 0}, "missing_lines": [39, 40, 41, 48, 49, 50, 54, 55, 56, 73, 74, 75, 81, 82, 83, 87, 88, 89, 102, 103, 104, 110, 111, 116, 117, 118, 119, 120, 121, 125, 126, 127, 141, 142, 143, 150, 151, 156, 157, 158, 159, 160, 161, 165, 166, 167, 180, 181, 182, 188, 189, 193, 194, 195, 196, 197, 201, 202, 203], "excluded_lines": []}}}, "backend/app/api/v1/endpoints/auth.py": {"executed_lines": [1, 7, 9, 10, 11, 12, 21, 27, 28, 29, 30, 31, 32, 35, 36, 37, 38, 40, 44, 45, 46, 47, 50, 51, 52, 53, 54, 55, 58, 59, 60, 61, 62, 65, 66, 67, 68, 69, 70, 71, 72, 73, 74, 77, 78, 156, 157, 216, 217, 263, 264, 324, 325, 359, 360, 424, 425, 469, 470, 602, 603, 624, 625, 642, 643, 703, 704, 755, 756, 794, 795], "summary": {"covered_lines": 70, "num_statements": 288, "percent_covered": 24.305555555555557, "percent_covered_display": "24", "missing_lines": 218, "excluded_lines": 0}, "missing_lines": [96, 97, 98, 99, 100, 101, 103, 108, 109, 110, 116, 122, 123, 130, 131, 134, 136, 137, 139, 146, 148, 161, 162, 163, 168, 169, 170, 176, 179, 180, 186, 187, 197, 198, 199, 201, 203, 234, 235, 236, 243, 244, 245, 252, 253, 255, 278, 280, 281, 283, 284, 287, 289, 290, 295, 296, 298, 300, 301, 302, 303, 304, 307, 309, 316, 317, 319, 320, 321, 339, 340, 341, 346, 362, 363, 365, 366, 376, 377, 387, 388, 398, 399, 410, 411, 421, 427, 429, 430, 436, 437, 444, 446, 447, 449, 451, 452, 453, 454, 455, 456, 463, 472, 474, 475, 480, 482, 484, 485, 486, 489, 495, 501, 502, 505, 508, 509, 516, 522, 525, 528, 531, 532, 535, 538, 539, 546, 552, 555, 558, 561, 568, 576, 578, 585, 586, 587, 588, 589, 596, 611, 612, 615, 621, 627, 628, 629, 631, 632, 633, 634, 635, 636, 649, 651, 652, 658, 659, 660, 666, 667, 676, 677, 679, 681, 683, 685, 686, 687, 688, 689, 697, 710, 712, 713, 714, 719, 720, 722, 723, 729, 730, 731, 734, 735, 743, 745, 746, 747, 748, 749, 762, 764, 765, 766, 773, 774, 779, 784, 785, 786, 787, 788, 802, 804, 805, 806, 815, 816, 822, 829, 830, 839, 841, 842, 843, 844, 845], "excluded_lines": [], "functions": {"login": {"executed_lines": [], "summary": {"covered_lines": 0, "num_statements": 21, "percent_covered": 0.0, "percent_covered_display": "0", "missing_lines": 21, "excluded_lines": 0}, "missing_lines": [96, 97, 98, 99, 100, 101, 103, 108, 109, 110, 116, 122, 123, 130, 131, 134, 136, 137, 139, 146, 148], "excluded_lines": []}, "register": {"executed_lines": [], "summary": {"covered_lines": 0, "num_statements": 16, "percent_covered": 0.0, "percent_covered_display": "0", "missing_lines": 16, "excluded_lines": 0}, "missing_lines": [161, 162, 163, 168, 169, 170, 176, 179, 180, 186, 187, 197, 198, 199, 201, 203], "excluded_lines": []}, "refresh_token": {"executed_lines": [], "summary": {"covered_lines": 0, "num_statements": 9, "percent_covered": 0.0, "percent_covered_display": "0", "missing_lines": 9, "excluded_lines": 0}, "missing_lines": [234, 235, 236, 243, 244, 245, 252, 253, 255], "excluded_lines": []}, "logout": {"executed_lines": [], "summary": {"covered_lines": 0, "num_statements": 23, "percent_covered": 0.0, "percent_covered_display": "0", "missing_lines": 23, "excluded_lines": 0}, "missing_lines": [278, 280, 281, 283, 284, 287, 289, 290, 295, 296, 298, 300, 301, 302, 303, 304, 307, 309, 316, 317, 319, 320, 321], "excluded_lines": []}, "get_current_user_info": {"executed_lines": [], "summary": {"covered_lines": 0, "num_statements": 4, "percent_covered": 0.0, "percent_covered_display": "0", "missing_lines": 4, "excluded_lines": 0}, "missing_lines": [339, 340, 341, 346], "excluded_lines": []}, "get_sso_providers": {"executed_lines": [], "summary": {"covered_lines": 0, "num_statements": 13, "percent_covered": 0.0, "percent_covered_display": "0", "missing_lines": 13, "excluded_lines": 0}, "missing_lines": [362, 363, 365, 366, 376, 377, 387, 388, 398, 399, 410, 411, 421], "excluded_lines": []}, "sso_login": {"executed_lines": [], "summary": {"covered_lines": 0, "num_statements": 16, "percent_covered": 0.0, "percent_covered_display": "0", "missing_lines": 16, "excluded_lines": 0}, "missing_lines": [427, 429, 430, 436, 437, 444, 446, 447, 449, 451, 452, 453, 454, 455, 456, 463], "excluded_lines": []}, "sso_callback": {"executed_lines": [], "summary": {"covered_lines": 0, "num_statements": 38, "percent_covered": 0.0, "percent_covered_display": "0", "missing_lines": 38, "excluded_lines": 0}, "missing_lines": [472, 474, 475, 480, 482, 484, 485, 486, 489, 495, 501, 502, 505, 508, 509, 516, 522, 525, 528, 531, 532, 535, 538, 539, 546, 552, 555, 558, 561, 568, 576, 578, 585, 586, 587, 588, 589, 596], "excluded_lines": []}, "sso_link": {"executed_lines": [], "summary": {"covered_lines": 0, "num_statements": 4, "percent_covered": 0.0, "percent_covered_display": "0", "missing_lines": 4, "excluded_lines": 0}, "missing_lines": [611, 612, 615, 621], "excluded_lines": []}, "get_saml_metadata": {"executed_lines": [], "summary": {"covered_lines": 0, "num_statements": 9, "percent_covered": 0.0, "percent_covered_display": "0", "missing_lines": 9, "excluded_lines": 0}, "missing_lines": [627, 628, 629, 631, 632, 633, 634, 635, 636], "excluded_lines": []}, "link_sso_account": {"executed_lines": [], "summary": {"covered_lines": 0, "num_statements": 19, "percent_covered": 0.0, "percent_covered_display": "0", "missing_lines": 19, "excluded_lines": 0}, "missing_lines": [649, 651, 652, 658, 659, 660, 666, 667, 676, 677, 679, 681, 683, 685, 686, 687, 688, 689, 697], "excluded_lines": []}, "unlink_sso_account": {"executed_lines": [], "summary": {"covered_lines": 0, "num_statements": 19, "percent_covered": 0.0, "percent_covered_display": "0", "missing_lines": 19, "excluded_lines": 0}, "missing_lines": [710, 712, 713, 714, 719, 720, 722, 723, 729, 730, 731, 734, 735, 743, 745, 746, 747, 748, 749], "excluded_lines": []}, "get_user_provisioning_status": {"executed_lines": [], "summary": {"covered_lines": 0, "num_statements": 12, "percent_covered": 0.0, "percent_covered_display": "0", "missing_lines": 12, "excluded_lines": 0}, "missing_lines": [762, 764, 765, 766, 773, 774, 779, 784, 785, 786, 787, 788], "excluded_lines": []}, "bulk_sync_users": {"executed_lines": [], "summary": {"covered_lines": 0, "num_statements": 15, "percent_covered": 0.0, "percent_covered_display": "0", "missing_lines": 15, "excluded_lines": 0}, "missing_lines": [802, 804, 805, 806, 815, 816, 822, 829, 830, 839, 841, 842, 843, 844, 845], "excluded_lines": []}, "": {"executed_lines": [1, 7, 9, 10, 11, 12, 21, 27, 28, 29, 30, 31, 32, 35, 36, 37, 38, 40, 44, 45, 46, 47, 50, 51, 52, 53, 54, 55, 58, 59, 60, 61, 62, 65, 66, 67, 68, 69, 70, 71, 72, 73, 74, 77, 78, 156, 157, 216, 217, 263, 264, 324, 325, 359, 360, 424, 425, 469, 470, 602, 603, 624, 625, 642, 643, 703, 704, 755, 756, 794, 795], "summary": {"covered_lines": 70, "num_statements": 70, "percent_covered": 100.0, "percent_covered_display": "100", "missing_lines": 0, "excluded_lines": 0}, "missing_lines": [], "excluded_lines": []}}, "classes": {"UserLogin": {"executed_lines": [], "summary": {"covered_lines": 0, "num_statements": 0, "percent_covered": 100.0, "percent_covered_display": "100", "missing_lines": 0, "excluded_lines": 0}, "missing_lines": [], "excluded_lines": []}, "UserRegister": {"executed_lines": [], "summary": {"covered_lines": 0, "num_statements": 0, "percent_covered": 100.0, "percent_covered_display": "100", "missing_lines": 0, "excluded_lines": 0}, "missing_lines": [], "excluded_lines": []}, "TokenResponse": {"executed_lines": [], "summary": {"covered_lines": 0, "num_statements": 0, "percent_covered": 100.0, "percent_covered_display": "100", "missing_lines": 0, "excluded_lines": 0}, "missing_lines": [], "excluded_lines": []}, "UserResponse": {"executed_lines": [], "summary": {"covered_lines": 0, "num_statements": 0, "percent_covered": 100.0, "percent_covered_display": "100", "missing_lines": 0, "excluded_lines": 0}, "missing_lines": [], "excluded_lines": []}, "": {"executed_lines": [1, 7, 9, 10, 11, 12, 21, 27, 28, 29, 30, 31, 32, 35, 36, 37, 38, 40, 44, 45, 46, 47, 50, 51, 52, 53, 54, 55, 58, 59, 60, 61, 62, 65, 66, 67, 68, 69, 70, 71, 72, 73, 74, 77, 78, 156, 157, 216, 217, 263, 264, 324, 325, 359, 360, 424, 425, 469, 470, 602, 603, 624, 625, 642, 643, 703, 704, 755, 756, 794, 795], "summary": {"covered_lines": 70, "num_statements": 288, "percent_covered": 24.305555555555557, "percent_covered_display": "24", "missing_lines": 218, "excluded_lines": 0}, "missing_lines": [96, 97, 98, 99, 100, 101, 103, 108, 109, 110, 116, 122, 123, 130, 131, 134, 136, 137, 139, 146, 148, 161, 162, 163, 168, 169, 170, 176, 179, 180, 186, 187, 197, 198, 199, 201, 203, 234, 235, 236, 243, 244, 245, 252, 253, 255, 278, 280, 281, 283, 284, 287, 289, 290, 295, 296, 298, 300, 301, 302, 303, 304, 307, 309, 316, 317, 319, 320, 321, 339, 340, 341, 346, 362, 363, 365, 366, 376, 377, 387, 388, 398, 399, 410, 411, 421, 427, 429, 430, 436, 437, 444, 446, 447, 449, 451, 452, 453, 454, 455, 456, 463, 472, 474, 475, 480, 482, 484, 485, 486, 489, 495, 501, 502, 505, 508, 509, 516, 522, 525, 528, 531, 532, 535, 538, 539, 546, 552, 555, 558, 561, 568, 576, 578, 585, 586, 587, 588, 589, 596, 611, 612, 615, 621, 627, 628, 629, 631, 632, 633, 634, 635, 636, 649, 651, 652, 658, 659, 660, 666, 667, 676, 677, 679, 681, 683, 685, 686, 687, 688, 689, 697, 710, 712, 713, 714, 719, 720, 722, 723, 729, 730, 731, 734, 735, 743, 745, 746, 747, 748, 749, 762, 764, 765, 766, 773, 774, 779, 784, 785, 786, 787, 788, 802, 804, 805, 806, 815, 816, 822, 829, 830, 839, 841, 842, 843, 844, 845], "excluded_lines": []}}}, "backend/app/api/v1/endpoints/chat.py": {"executed_lines": [1, 8, 10, 11, 12, 13, 14, 15, 16, 17, 18, 20, 23, 24, 26, 29, 30, 33, 34, 37, 40, 41, 42, 45, 48, 49, 51, 52, 53, 54, 55, 56, 57, 58, 61, 64, 67, 70, 71, 73, 76, 77, 80, 81, 83, 86, 87, 88, 91, 92, 148, 149, 221, 224, 315, 316, 394, 395, 444, 445], "summary": {"covered_lines": 55, "num_statements": 149, "percent_covered": 36.91275167785235, "percent_covered_display": "37", "missing_lines": 94, "excluded_lines": 0}, "missing_lines": [110, 111, 119, 121, 127, 129, 140, 141, 142, 167, 168, 175, 177, 179, 180, 192, 193, 194, 200, 202, 204, 206, 213, 214, 215, 242, 244, 245, 246, 252, 261, 276, 277, 283, 284, 286, 287, 288, 292, 305, 306, 307, 308, 309, 336, 338, 339, 340, 345, 352, 353, 354, 365, 366, 367, 368, 369, 372, 373, 375, 377, 384, 385, 386, 387, 388, 411, 413, 414, 415, 421, 424, 426, 428, 432, 434, 435, 436, 437, 438, 461, 463, 464, 465, 470, 472, 474, 475, 481, 492, 493, 494, 495, 496], "excluded_lines": [], "functions": {"create_conversation": {"executed_lines": [], "summary": {"covered_lines": 0, "num_statements": 9, "percent_covered": 0.0, "percent_covered_display": "0", "missing_lines": 9, "excluded_lines": 0}, "missing_lines": [110, 111, 119, 121, 127, 129, 140, 141, 142], "excluded_lines": []}, "get_conversations": {"executed_lines": [], "summary": {"covered_lines": 0, "num_statements": 16, "percent_covered": 0.0, "percent_covered_display": "0", "missing_lines": 16, "excluded_lines": 0}, "missing_lines": [167, 168, 175, 177, 179, 180, 192, 193, 194, 200, 202, 204, 206, 213, 214, 215], "excluded_lines": []}, "send_message": {"executed_lines": [], "summary": {"covered_lines": 0, "num_statements": 19, "percent_covered": 0.0, "percent_covered_display": "0", "missing_lines": 19, "excluded_lines": 0}, "missing_lines": [242, 244, 245, 246, 252, 261, 276, 277, 283, 284, 286, 287, 288, 292, 305, 306, 307, 308, 309], "excluded_lines": []}, "get_conversation_messages": {"executed_lines": [], "summary": {"covered_lines": 0, "num_statements": 22, "percent_covered": 0.0, "percent_covered_display": "0", "missing_lines": 22, "excluded_lines": 0}, "missing_lines": [336, 338, 339, 340, 345, 352, 353, 354, 365, 366, 367, 368, 369, 372, 373, 375, 377, 384, 385, 386, 387, 388], "excluded_lines": []}, "delete_conversation": {"executed_lines": [], "summary": {"covered_lines": 0, "num_statements": 14, "percent_covered": 0.0, "percent_covered_display": "0", "missing_lines": 14, "excluded_lines": 0}, "missing_lines": [411, 413, 414, 415, 421, 424, 426, 428, 432, 434, 435, 436, 437, 438], "excluded_lines": []}, "get_conversation_mode_status": {"executed_lines": [], "summary": {"covered_lines": 0, "num_statements": 14, "percent_covered": 0.0, "percent_covered_display": "0", "missing_lines": 14, "excluded_lines": 0}, "missing_lines": [461, 463, 464, 465, 470, 472, 474, 475, 481, 492, 493, 494, 495, 496], "excluded_lines": []}, "": {"executed_lines": [1, 8, 10, 11, 12, 13, 14, 15, 16, 17, 18, 20, 23, 24, 26, 29, 30, 33, 34, 37, 40, 41, 42, 45, 48, 49, 51, 52, 53, 54, 55, 56, 57, 58, 61, 64, 67, 70, 71, 73, 76, 77, 80, 81, 83, 86, 87, 88, 91, 92, 148, 149, 221, 224, 315, 316, 394, 395, 444, 445], "summary": {"covered_lines": 55, "num_statements": 55, "percent_covered": 100.0, "percent_covered_display": "100", "missing_lines": 0, "excluded_lines": 0}, "missing_lines": [], "excluded_lines": []}}, "classes": {"ChatMessageRequest": {"executed_lines": [], "summary": {"covered_lines": 0, "num_statements": 0, "percent_covered": 100.0, "percent_covered_display": "100", "missing_lines": 0, "excluded_lines": 0}, "missing_lines": [], "excluded_lines": []}, "ChatMessageResponse": {"executed_lines": [], "summary": {"covered_lines": 0, "num_statements": 0, "percent_covered": 100.0, "percent_covered_display": "100", "missing_lines": 0, "excluded_lines": 0}, "missing_lines": [], "excluded_lines": []}, "ConversationCreateRequest": {"executed_lines": [], "summary": {"covered_lines": 0, "num_statements": 0, "percent_covered": 100.0, "percent_covered_display": "100", "missing_lines": 0, "excluded_lines": 0}, "missing_lines": [], "excluded_lines": []}, "ConversationListResponse": {"executed_lines": [], "summary": {"covered_lines": 0, "num_statements": 0, "percent_covered": 100.0, "percent_covered_display": "100", "missing_lines": 0, "excluded_lines": 0}, "missing_lines": [], "excluded_lines": []}, "": {"executed_lines": [1, 8, 10, 11, 12, 13, 14, 15, 16, 17, 18, 20, 23, 24, 26, 29, 30, 33, 34, 37, 40, 41, 42, 45, 48, 49, 51, 52, 53, 54, 55, 56, 57, 58, 61, 64, 67, 70, 71, 73, 76, 77, 80, 81, 83, 86, 87, 88, 91, 92, 148, 149, 221, 224, 315, 316, 394, 395, 444, 445], "summary": {"covered_lines": 55, "num_statements": 149, "percent_covered": 36.91275167785235, "percent_covered_display": "37", "missing_lines": 94, "excluded_lines": 0}, "missing_lines": [110, 111, 119, 121, 127, 129, 140, 141, 142, 167, 168, 175, 177, 179, 180, 192, 193, 194, 200, 202, 204, 206, 213, 214, 215, 242, 244, 245, 246, 252, 261, 276, 277, 283, 284, 286, 287, 288, 292, 305, 306, 307, 308, 309, 336, 338, 339, 340, 345, 352, 353, 354, 365, 366, 367, 368, 369, 372, 373, 375, 377, 384, 385, 386, 387, 388, 411, 413, 414, 415, 421, 424, 426, 428, 432, 434, 435, 436, 437, 438, 461, 463, 464, 465, 470, 472, 474, 475, 481, 492, 493, 494, 495, 496], "excluded_lines": []}}}, "backend/app/api/v1/endpoints/config.py": {"executed_lines": [], "summary": {"covered_lines": 0, "num_statements": 7, "percent_covered": 0.0, "percent_covered_display": "0", "missing_lines": 7, "excluded_lines": 0}, "missing_lines": [8, 9, 11, 14, 15, 17, 18], "excluded_lines": [], "functions": {"get_config": {"executed_lines": [], "summary": {"covered_lines": 0, "num_statements": 2, "percent_covered": 0.0, "percent_covered_display": "0", "missing_lines": 2, "excluded_lines": 0}, "missing_lines": [17, 18], "excluded_lines": []}, "": {"executed_lines": [], "summary": {"covered_lines": 0, "num_statements": 5, "percent_covered": 0.0, "percent_covered_display": "0", "missing_lines": 5, "excluded_lines": 0}, "missing_lines": [8, 9, 11, 14, 15], "excluded_lines": []}}, "classes": {"": {"executed_lines": [], "summary": {"covered_lines": 0, "num_statements": 7, "percent_covered": 0.0, "percent_covered_display": "0", "missing_lines": 7, "excluded_lines": 0}, "missing_lines": [8, 9, 11, 14, 15, 17, 18], "excluded_lines": []}}}, "backend/app/api/v1/endpoints/conversation_intelligence.py": {"executed_lines": [1, 8, 9, 21, 24, 25, 27, 30, 31, 57, 58, 82, 83, 107, 108, 132, 133, 177, 178, 225, 226, 265, 266, 300, 301, 338, 339, 356, 357, 385, 386], "summary": {"covered_lines": 30, "num_statements": 148, "percent_covered": 20.27027027027027, "percent_covered_display": "20", "missing_lines": 118, "excluded_lines": 0}, "missing_lines": [43, 44, 45, 48, 49, 50, 51, 52, 53, 54, 70, 71, 72, 73, 74, 75, 76, 77, 78, 79, 95, 96, 97, 98, 99, 100, 101, 102, 103, 104, 120, 121, 122, 123, 124, 125, 126, 127, 128, 129, 150, 151, 157, 159, 160, 165, 166, 167, 168, 169, 170, 171, 172, 173, 174, 194, 195, 198, 199, 200, 201, 206, 212, 213, 214, 215, 216, 217, 218, 219, 220, 221, 222, 247, 248, 254, 255, 256, 257, 258, 259, 260, 261, 262, 282, 283, 289, 290, 291, 292, 293, 294, 295, 296, 297, 319, 320, 327, 328, 329, 330, 331, 332, 333, 334, 335, 346, 347, 348, 349, 350, 364, 366, 368, 376, 377, 378, 393], "excluded_lines": [], "functions": {"analyze_conversation": {"executed_lines": [], "summary": {"covered_lines": 0, "num_statements": 10, "percent_covered": 0.0, "percent_covered_display": "0", "missing_lines": 10, "excluded_lines": 0}, "missing_lines": [43, 44, 45, 48, 49, 50, 51, 52, 53, 54], "excluded_lines": []}, "generate_summary": {"executed_lines": [], "summary": {"covered_lines": 0, "num_statements": 10, "percent_covered": 0.0, "percent_covered_display": "0", "missing_lines": 10, "excluded_lines": 0}, "missing_lines": [70, 71, 72, 73, 74, 75, 76, 77, 78, 79], "excluded_lines": []}, "detect_topics": {"executed_lines": [], "summary": {"covered_lines": 0, "num_statements": 10, "percent_covered": 0.0, "percent_covered_display": "0", "missing_lines": 10, "excluded_lines": 0}, "missing_lines": [95, 96, 97, 98, 99, 100, 101, 102, 103, 104], "excluded_lines": []}, "analyze_sentiment": {"executed_lines": [], "summary": {"covered_lines": 0, "num_statements": 10, "percent_covered": 0.0, "percent_covered_display": "0", "missing_lines": 10, "excluded_lines": 0}, "missing_lines": [120, 121, 122, 123, 124, 125, 126, 127, 128, 129], "excluded_lines": []}, "get_conversation_analytics": {"executed_lines": [], "summary": {"covered_lines": 0, "num_statements": 15, "percent_covered": 0.0, "percent_covered_display": "0", "missing_lines": 15, "excluded_lines": 0}, "missing_lines": [150, 151, 157, 159, 160, 165, 166, 167, 168, 169, 170, 171, 172, 173, 174], "excluded_lines": []}, "get_conversation_summary": {"executed_lines": [], "summary": {"covered_lines": 0, "num_statements": 18, "percent_covered": 0.0, "percent_covered_display": "0", "missing_lines": 18, "excluded_lines": 0}, "missing_lines": [194, 195, 198, 199, 200, 201, 206, 212, 213, 214, 215, 216, 217, 218, 219, 220, 221, 222], "excluded_lines": []}, "get_conversation_topics": {"executed_lines": [], "summary": {"covered_lines": 0, "num_statements": 11, "percent_covered": 0.0, "percent_covered_display": "0", "missing_lines": 11, "excluded_lines": 0}, "missing_lines": [247, 248, 254, 255, 256, 257, 258, 259, 260, 261, 262], "excluded_lines": []}, "get_conversation_sentiment": {"executed_lines": [], "summary": {"covered_lines": 0, "num_statements": 11, "percent_covered": 0.0, "percent_covered_display": "0", "missing_lines": 11, "excluded_lines": 0}, "missing_lines": [282, 283, 289, 290, 291, 292, 293, 294, 295, 296, 297], "excluded_lines": []}, "analyze_text_sentiment": {"executed_lines": [], "summary": {"covered_lines": 0, "num_statements": 11, "percent_covered": 0.0, "percent_covered_display": "0", "missing_lines": 11, "excluded_lines": 0}, "missing_lines": [319, 320, 327, 328, 329, 330, 331, 332, 333, 334, 335], "excluded_lines": []}, "get_intelligence_metrics": {"executed_lines": [], "summary": {"covered_lines": 0, "num_statements": 5, "percent_covered": 0.0, "percent_covered_display": "0", "missing_lines": 5, "excluded_lines": 0}, "missing_lines": [346, 347, 348, 349, 350], "excluded_lines": []}, "intelligence_health_check": {"executed_lines": [], "summary": {"covered_lines": 0, "num_statements": 6, "percent_covered": 0.0, "percent_covered_display": "0", "missing_lines": 6, "excluded_lines": 0}, "missing_lines": [364, 366, 368, 376, 377, 378], "excluded_lines": []}, "get_supported_features": {"executed_lines": [], "summary": {"covered_lines": 0, "num_statements": 1, "percent_covered": 0.0, "percent_covered_display": "0", "missing_lines": 1, "excluded_lines": 0}, "missing_lines": [393], "excluded_lines": []}, "": {"executed_lines": [1, 8, 9, 21, 24, 25, 27, 30, 31, 57, 58, 82, 83, 107, 108, 132, 133, 177, 178, 225, 226, 265, 266, 300, 301, 338, 339, 356, 357, 385, 386], "summary": {"covered_lines": 30, "num_statements": 30, "percent_covered": 100.0, "percent_covered_display": "100", "missing_lines": 0, "excluded_lines": 0}, "missing_lines": [], "excluded_lines": []}}, "classes": {"": {"executed_lines": [1, 8, 9, 21, 24, 25, 27, 30, 31, 57, 58, 82, 83, 107, 108, 132, 133, 177, 178, 225, 226, 265, 266, 300, 301, 338, 339, 356, 357, 385, 386], "summary": {"covered_lines": 30, "num_statements": 148, "percent_covered": 20.27027027027027, "percent_covered_display": "20", "missing_lines": 118, "excluded_lines": 0}, "missing_lines": [43, 44, 45, 48, 49, 50, 51, 52, 53, 54, 70, 71, 72, 73, 74, 75, 76, 77, 78, 79, 95, 96, 97, 98, 99, 100, 101, 102, 103, 104, 120, 121, 122, 123, 124, 125, 126, 127, 128, 129, 150, 151, 157, 159, 160, 165, 166, 167, 168, 169, 170, 171, 172, 173, 174, 194, 195, 198, 199, 200, 201, 206, 212, 213, 214, 215, 216, 217, 218, 219, 220, 221, 222, 247, 248, 254, 255, 256, 257, 258, 259, 260, 261, 262, 282, 283, 289, 290, 291, 292, 293, 294, 295, 296, 297, 319, 320, 327, 328, 329, 330, 331, 332, 333, 334, 335, 346, 347, 348, 349, 350, 364, 366, 368, 376, 377, 378, 393], "excluded_lines": []}}}, "backend/app/api/v1/endpoints/conversations.py": {"executed_lines": [1, 3, 5, 6, 7, 8, 16, 17, 18, 19, 21, 25, 26, 28, 29, 30, 31, 37, 42, 62, 63, 89, 90, 103, 104, 126, 127, 139, 140, 156, 157, 170, 175], "summary": {"covered_lines": 31, "num_statements": 76, "percent_covered": 40.78947368421053, "percent_covered_display": "41", "missing_lines": 45, "excluded_lines": 0}, "missing_lines": [48, 51, 59, 72, 74, 75, 76, 77, 78, 79, 80, 96, 97, 98, 99, 100, 111, 112, 113, 114, 116, 117, 120, 121, 122, 123, 133, 134, 135, 136, 146, 147, 148, 149, 150, 163, 165, 166, 167, 182, 184, 185, 187, 189, 196], "excluded_lines": [], "functions": {"create_conversation": {"executed_lines": [], "summary": {"covered_lines": 0, "num_statements": 3, "percent_covered": 0.0, "percent_covered_display": "0", "missing_lines": 3, "excluded_lines": 0}, "missing_lines": [48, 51, 59], "excluded_lines": []}, "list_conversations": {"executed_lines": [], "summary": {"covered_lines": 0, "num_statements": 8, "percent_covered": 0.0, "percent_covered_display": "0", "missing_lines": 8, "excluded_lines": 0}, "missing_lines": [72, 74, 75, 76, 77, 78, 79, 80], "excluded_lines": []}, "get_conversation": {"executed_lines": [], "summary": {"covered_lines": 0, "num_statements": 5, "percent_covered": 0.0, "percent_covered_display": "0", "missing_lines": 5, "excluded_lines": 0}, "missing_lines": [96, 97, 98, 99, 100], "excluded_lines": []}, "update_conversation": {"executed_lines": [], "summary": {"covered_lines": 0, "num_statements": 10, "percent_covered": 0.0, "percent_covered_display": "0", "missing_lines": 10, "excluded_lines": 0}, "missing_lines": [111, 112, 113, 114, 116, 117, 120, 121, 122, 123], "excluded_lines": []}, "delete_conversation": {"executed_lines": [], "summary": {"covered_lines": 0, "num_statements": 4, "percent_covered": 0.0, "percent_covered_display": "0", "missing_lines": 4, "excluded_lines": 0}, "missing_lines": [133, 134, 135, 136], "excluded_lines": []}, "archive_conversation": {"executed_lines": [], "summary": {"covered_lines": 0, "num_statements": 5, "percent_covered": 0.0, "percent_covered_display": "0", "missing_lines": 5, "excluded_lines": 0}, "missing_lines": [146, 147, 148, 149, 150], "excluded_lines": []}, "list_messages": {"executed_lines": [], "summary": {"covered_lines": 0, "num_statements": 4, "percent_covered": 0.0, "percent_covered_display": "0", "missing_lines": 4, "excluded_lines": 0}, "missing_lines": [163, 165, 166, 167], "excluded_lines": []}, "add_message": {"executed_lines": [], "summary": {"covered_lines": 0, "num_statements": 6, "percent_covered": 0.0, "percent_covered_display": "0", "missing_lines": 6, "excluded_lines": 0}, "missing_lines": [182, 184, 185, 187, 189, 196], "excluded_lines": []}, "": {"executed_lines": [1, 3, 5, 6, 7, 8, 16, 17, 18, 19, 21, 25, 26, 28, 29, 30, 31, 37, 42, 62, 63, 89, 90, 103, 104, 126, 127, 139, 140, 156, 157, 170, 175], "summary": {"covered_lines": 31, "num_statements": 31, "percent_covered": 100.0, "percent_covered_display": "100", "missing_lines": 0, "excluded_lines": 0}, "missing_lines": [], "excluded_lines": []}}, "classes": {"ConversationCreateRequest": {"executed_lines": [], "summary": {"covered_lines": 0, "num_statements": 0, "percent_covered": 100.0, "percent_covered_display": "100", "missing_lines": 0, "excluded_lines": 0}, "missing_lines": [], "excluded_lines": []}, "": {"executed_lines": [1, 3, 5, 6, 7, 8, 16, 17, 18, 19, 21, 25, 26, 28, 29, 30, 31, 37, 42, 62, 63, 89, 90, 103, 104, 126, 127, 139, 140, 156, 157, 170, 175], "summary": {"covered_lines": 31, "num_statements": 76, "percent_covered": 40.78947368421053, "percent_covered_display": "41", "missing_lines": 45, "excluded_lines": 0}, "missing_lines": [48, 51, 59, 72, 74, 75, 76, 77, 78, 79, 80, 96, 97, 98, 99, 100, 111, 112, 113, 114, 116, 117, 120, 121, 122, 123, 133, 134, 135, 136, 146, 147, 148, 149, 150, 163, 165, 166, 167, 182, 184, 185, 187, 189, 196], "excluded_lines": []}}}, "backend/app/api/v1/endpoints/document_endpoints.py": {"executed_lines": [1, 5, 6, 7, 8, 14, 15, 16, 18, 22, 23, 45, 46, 74, 75, 86, 87, 99, 100, 112, 113, 124, 125, 136, 137, 153, 154], "summary": {"covered_lines": 26, "num_statements": 45, "percent_covered": 57.77777777777778, "percent_covered_display": "58", "missing_lines": 19, "excluded_lines": 0}, "missing_lines": [33, 34, 59, 60, 81, 82, 94, 95, 106, 107, 108, 119, 120, 131, 132, 144, 145, 165, 166], "excluded_lines": [], "functions": {"upload_document": {"executed_lines": [], "summary": {"covered_lines": 0, "num_statements": 2, "percent_covered": 0.0, "percent_covered_display": "0", "missing_lines": 2, "excluded_lines": 0}, "missing_lines": [33, 34], "excluded_lines": []}, "get_documents": {"executed_lines": [], "summary": {"covered_lines": 0, "num_statements": 2, "percent_covered": 0.0, "percent_covered_display": "0", "missing_lines": 2, "excluded_lines": 0}, "missing_lines": [59, 60], "excluded_lines": []}, "get_document": {"executed_lines": [], "summary": {"covered_lines": 0, "num_statements": 2, "percent_covered": 0.0, "percent_covered_display": "0", "missing_lines": 2, "excluded_lines": 0}, "missing_lines": [81, 82], "excluded_lines": []}, "update_document": {"executed_lines": [], "summary": {"covered_lines": 0, "num_statements": 2, "percent_covered": 0.0, "percent_covered_display": "0", "missing_lines": 2, "excluded_lines": 0}, "missing_lines": [94, 95], "excluded_lines": []}, "delete_document": {"executed_lines": [], "summary": {"covered_lines": 0, "num_statements": 3, "percent_covered": 0.0, "percent_covered_display": "0", "missing_lines": 3, "excluded_lines": 0}, "missing_lines": [106, 107, 108], "excluded_lines": []}, "process_document": {"executed_lines": [], "summary": {"covered_lines": 0, "num_statements": 2, "percent_covered": 0.0, "percent_covered_display": "0", "missing_lines": 2, "excluded_lines": 0}, "missing_lines": [119, 120], "excluded_lines": []}, "download_document": {"executed_lines": [], "summary": {"covered_lines": 0, "num_statements": 2, "percent_covered": 0.0, "percent_covered_display": "0", "missing_lines": 2, "excluded_lines": 0}, "missing_lines": [131, 132], "excluded_lines": []}, "reprocess_document": {"executed_lines": [], "summary": {"covered_lines": 0, "num_statements": 2, "percent_covered": 0.0, "percent_covered_display": "0", "missing_lines": 2, "excluded_lines": 0}, "missing_lines": [144, 145], "excluded_lines": []}, "upload_document_advanced": {"executed_lines": [], "summary": {"covered_lines": 0, "num_statements": 2, "percent_covered": 0.0, "percent_covered_display": "0", "missing_lines": 2, "excluded_lines": 0}, "missing_lines": [165, 166], "excluded_lines": []}, "": {"executed_lines": [1, 5, 6, 7, 8, 14, 15, 16, 18, 22, 23, 45, 46, 74, 75, 86, 87, 99, 100, 112, 113, 124, 125, 136, 137, 153, 154], "summary": {"covered_lines": 26, "num_statements": 26, "percent_covered": 100.0, "percent_covered_display": "100", "missing_lines": 0, "excluded_lines": 0}, "missing_lines": [], "excluded_lines": []}}, "classes": {"": {"executed_lines": [1, 5, 6, 7, 8, 14, 15, 16, 18, 22, 23, 45, 46, 74, 75, 86, 87, 99, 100, 112, 113, 124, 125, 136, 137, 153, 154], "summary": {"covered_lines": 26, "num_statements": 45, "percent_covered": 57.77777777777778, "percent_covered_display": "58", "missing_lines": 19, "excluded_lines": 0}, "missing_lines": [33, 34, 59, 60, 81, 82, 94, 95, 106, 107, 108, 119, 120, 131, 132, 144, 145, 165, 166], "excluded_lines": []}}}, "backend/app/api/v1/endpoints/domain_groups.py": {"executed_lines": [1, 8, 10, 11, 12, 13, 14, 32, 33, 40, 41, 43, 47, 52, 68, 69, 120, 121, 140, 141, 162, 163, 179, 184, 209, 210, 235, 236, 266, 267, 286, 291, 312, 313, 345, 349, 380, 384, 409, 413, 432, 437, 458, 459, 490, 491, 513, 514, 553, 554, 568, 569, 585, 614, 636, 654, 671], "summary": {"covered_lines": 56, "num_statements": 258, "percent_covered": 21.705426356589147, "percent_covered_display": "22", "missing_lines": 202, "excluded_lines": 0}, "missing_lines": [58, 59, 60, 61, 62, 63, 64, 65, 91, 92, 106, 107, 109, 116, 117, 127, 128, 129, 130, 131, 135, 136, 137, 148, 149, 150, 155, 156, 157, 158, 159, 169, 170, 171, 172, 173, 174, 175, 191, 192, 193, 194, 196, 197, 201, 202, 203, 204, 205, 206, 216, 217, 218, 219, 220, 226, 227, 228, 230, 231, 232, 244, 245, 246, 252, 253, 254, 258, 259, 260, 261, 262, 263, 274, 275, 276, 277, 278, 279, 280, 281, 282, 298, 299, 300, 305, 306, 307, 308, 309, 324, 325, 326, 327, 328, 334, 335, 336, 337, 338, 340, 341, 342, 356, 357, 358, 359, 360, 365, 369, 370, 375, 376, 377, 392, 393, 394, 400, 401, 402, 403, 404, 405, 406, 420, 421, 422, 423, 424, 425, 426, 427, 428, 444, 445, 446, 451, 452, 453, 454, 455, 466, 467, 468, 469, 470, 476, 478, 481, 482, 484, 485, 486, 487, 497, 498, 499, 500, 501, 502, 506, 507, 508, 509, 526, 527, 528, 529, 530, 536, 538, 542, 543, 544, 545, 547, 548, 549, 550, 560, 561, 562, 563, 564, 575, 576, 579, 580, 581, 587, 616, 638, 656, 677, 678, 680, 681, 683, 684, 690, 691, 693], "excluded_lines": [], "functions": {"create_domain_group": {"executed_lines": [], "summary": {"covered_lines": 0, "num_statements": 8, "percent_covered": 0.0, "percent_covered_display": "0", "missing_lines": 8, "excluded_lines": 0}, "missing_lines": [58, 59, 60, 61, 62, 63, 64, 65], "excluded_lines": []}, "list_domain_groups": {"executed_lines": [], "summary": {"covered_lines": 0, "num_statements": 7, "percent_covered": 0.0, "percent_covered_display": "0", "missing_lines": 7, "excluded_lines": 0}, "missing_lines": [91, 92, 106, 107, 109, 116, 117], "excluded_lines": []}, "get_domain_group": {"executed_lines": [], "summary": {"covered_lines": 0, "num_statements": 8, "percent_covered": 0.0, "percent_covered_display": "0", "missing_lines": 8, "excluded_lines": 0}, "missing_lines": [127, 128, 129, 130, 131, 135, 136, 137], "excluded_lines": []}, "update_domain_group": {"executed_lines": [], "summary": {"covered_lines": 0, "num_statements": 8, "percent_covered": 0.0, "percent_covered_display": "0", "missing_lines": 8, "excluded_lines": 0}, "missing_lines": [148, 149, 150, 155, 156, 157, 158, 159], "excluded_lines": []}, "delete_domain_group": {"executed_lines": [], "summary": {"covered_lines": 0, "num_statements": 7, "percent_covered": 0.0, "percent_covered_display": "0", "missing_lines": 7, "excluded_lines": 0}, "missing_lines": [169, 170, 171, 172, 173, 174, 175], "excluded_lines": []}, "add_domain_member": {"executed_lines": [], "summary": {"covered_lines": 0, "num_statements": 12, "percent_covered": 0.0, "percent_covered_display": "0", "missing_lines": 12, "excluded_lines": 0}, "missing_lines": [191, 192, 193, 194, 196, 197, 201, 202, 203, 204, 205, 206], "excluded_lines": []}, "list_domain_members": {"executed_lines": [], "summary": {"covered_lines": 0, "num_statements": 11, "percent_covered": 0.0, "percent_covered_display": "0", "missing_lines": 11, "excluded_lines": 0}, "missing_lines": [216, 217, 218, 219, 220, 226, 227, 228, 230, 231, 232], "excluded_lines": []}, "update_domain_member": {"executed_lines": [], "summary": {"covered_lines": 0, "num_statements": 12, "percent_covered": 0.0, "percent_covered_display": "0", "missing_lines": 12, "excluded_lines": 0}, "missing_lines": [244, 245, 246, 252, 253, 254, 258, 259, 260, 261, 262, 263], "excluded_lines": []}, "remove_domain_member": {"executed_lines": [], "summary": {"covered_lines": 0, "num_statements": 9, "percent_covered": 0.0, "percent_covered_display": "0", "missing_lines": 9, "excluded_lines": 0}, "missing_lines": [274, 275, 276, 277, 278, 279, 280, 281, 282], "excluded_lines": []}, "add_domain_resource": {"executed_lines": [], "summary": {"covered_lines": 0, "num_statements": 8, "percent_covered": 0.0, "percent_covered_display": "0", "missing_lines": 8, "excluded_lines": 0}, "missing_lines": [298, 299, 300, 305, 306, 307, 308, 309], "excluded_lines": []}, "list_domain_resources": {"executed_lines": [], "summary": {"covered_lines": 0, "num_statements": 13, "percent_covered": 0.0, "percent_covered_display": "0", "missing_lines": 13, "excluded_lines": 0}, "missing_lines": [324, 325, 326, 327, 328, 334, 335, 336, 337, 338, 340, 341, 342], "excluded_lines": []}, "get_domain_resource": {"executed_lines": [], "summary": {"covered_lines": 0, "num_statements": 11, "percent_covered": 0.0, "percent_covered_display": "0", "missing_lines": 11, "excluded_lines": 0}, "missing_lines": [356, 357, 358, 359, 360, 365, 369, 370, 375, 376, 377], "excluded_lines": []}, "update_domain_resource": {"executed_lines": [], "summary": {"covered_lines": 0, "num_statements": 10, "percent_covered": 0.0, "percent_covered_display": "0", "missing_lines": 10, "excluded_lines": 0}, "missing_lines": [392, 393, 394, 400, 401, 402, 403, 404, 405, 406], "excluded_lines": []}, "remove_domain_resource": {"executed_lines": [], "summary": {"covered_lines": 0, "num_statements": 9, "percent_covered": 0.0, "percent_covered_display": "0", "missing_lines": 9, "excluded_lines": 0}, "missing_lines": [420, 421, 422, 423, 424, 425, 426, 427, 428], "excluded_lines": []}, "create_domain_invitation": {"executed_lines": [], "summary": {"covered_lines": 0, "num_statements": 8, "percent_covered": 0.0, "percent_covered_display": "0", "missing_lines": 8, "excluded_lines": 0}, "missing_lines": [444, 445, 446, 451, 452, 453, 454, 455], "excluded_lines": []}, "list_domain_invitations": {"executed_lines": [], "summary": {"covered_lines": 0, "num_statements": 13, "percent_covered": 0.0, "percent_covered_display": "0", "missing_lines": 13, "excluded_lines": 0}, "missing_lines": [466, 467, 468, 469, 470, 476, 478, 481, 482, 484, 485, 486, 487], "excluded_lines": []}, "accept_domain_invitation": {"executed_lines": [], "summary": {"covered_lines": 0, "num_statements": 10, "percent_covered": 0.0, "percent_covered_display": "0", "missing_lines": 10, "excluded_lines": 0}, "missing_lines": [497, 498, 499, 500, 501, 502, 506, 507, 508, 509], "excluded_lines": []}, "list_domain_activities": {"executed_lines": [], "summary": {"covered_lines": 0, "num_statements": 15, "percent_covered": 0.0, "percent_covered_display": "0", "missing_lines": 15, "excluded_lines": 0}, "missing_lines": [526, 527, 528, 529, 530, 536, 538, 542, 543, 544, 545, 547, 548, 549, 550], "excluded_lines": []}, "get_domain_stats": {"executed_lines": [], "summary": {"covered_lines": 0, "num_statements": 5, "percent_covered": 0.0, "percent_covered_display": "0", "missing_lines": 5, "excluded_lines": 0}, "missing_lines": [560, 561, 562, 563, 564], "excluded_lines": []}, "get_domain_hierarchy": {"executed_lines": [], "summary": {"covered_lines": 0, "num_statements": 5, "percent_covered": 0.0, "percent_covered_display": "0", "missing_lines": 5, "excluded_lines": 0}, "missing_lines": [575, 576, 579, 580, 581], "excluded_lines": []}, "_domain_group_to_response": {"executed_lines": [], "summary": {"covered_lines": 0, "num_statements": 1, "percent_covered": 0.0, "percent_covered_display": "0", "missing_lines": 1, "excluded_lines": 0}, "missing_lines": [587], "excluded_lines": []}, "_domain_resource_to_response": {"executed_lines": [], "summary": {"covered_lines": 0, "num_statements": 1, "percent_covered": 0.0, "percent_covered_display": "0", "missing_lines": 1, "excluded_lines": 0}, "missing_lines": [616], "excluded_lines": []}, "_domain_invitation_to_response": {"executed_lines": [], "summary": {"covered_lines": 0, "num_statements": 1, "percent_covered": 0.0, "percent_covered_display": "0", "missing_lines": 1, "excluded_lines": 0}, "missing_lines": [638], "excluded_lines": []}, "_domain_activity_to_response": {"executed_lines": [], "summary": {"covered_lines": 0, "num_statements": 1, "percent_covered": 0.0, "percent_covered_display": "0", "missing_lines": 1, "excluded_lines": 0}, "missing_lines": [656], "excluded_lines": []}, "_get_member_response": {"executed_lines": [], "summary": {"covered_lines": 0, "num_statements": 9, "percent_covered": 0.0, "percent_covered_display": "0", "missing_lines": 9, "excluded_lines": 0}, "missing_lines": [677, 678, 680, 681, 683, 684, 690, 691, 693], "excluded_lines": []}, "": {"executed_lines": [1, 8, 10, 11, 12, 13, 14, 32, 33, 40, 41, 43, 47, 52, 68, 69, 120, 121, 140, 141, 162, 163, 179, 184, 209, 210, 235, 236, 266, 267, 286, 291, 312, 313, 345, 349, 380, 384, 409, 413, 432, 437, 458, 459, 490, 491, 513, 514, 553, 554, 568, 569, 585, 614, 636, 654, 671], "summary": {"covered_lines": 56, "num_statements": 56, "percent_covered": 100.0, "percent_covered_display": "100", "missing_lines": 0, "excluded_lines": 0}, "missing_lines": [], "excluded_lines": []}}, "classes": {"": {"executed_lines": [1, 8, 10, 11, 12, 13, 14, 32, 33, 40, 41, 43, 47, 52, 68, 69, 120, 121, 140, 141, 162, 163, 179, 184, 209, 210, 235, 236, 266, 267, 286, 291, 312, 313, 345, 349, 380, 384, 409, 413, 432, 437, 458, 459, 490, 491, 513, 514, 553, 554, 568, 569, 585, 614, 636, 654, 671], "summary": {"covered_lines": 56, "num_statements": 258, "percent_covered": 21.705426356589147, "percent_covered_display": "22", "missing_lines": 202, "excluded_lines": 0}, "missing_lines": [58, 59, 60, 61, 62, 63, 64, 65, 91, 92, 106, 107, 109, 116, 117, 127, 128, 129, 130, 131, 135, 136, 137, 148, 149, 150, 155, 156, 157, 158, 159, 169, 170, 171, 172, 173, 174, 175, 191, 192, 193, 194, 196, 197, 201, 202, 203, 204, 205, 206, 216, 217, 218, 219, 220, 226, 227, 228, 230, 231, 232, 244, 245, 246, 252, 253, 254, 258, 259, 260, 261, 262, 263, 274, 275, 276, 277, 278, 279, 280, 281, 282, 298, 299, 300, 305, 306, 307, 308, 309, 324, 325, 326, 327, 328, 334, 335, 336, 337, 338, 340, 341, 342, 356, 357, 358, 359, 360, 365, 369, 370, 375, 376, 377, 392, 393, 394, 400, 401, 402, 403, 404, 405, 406, 420, 421, 422, 423, 424, 425, 426, 427, 428, 444, 445, 446, 451, 452, 453, 454, 455, 466, 467, 468, 469, 470, 476, 478, 481, 482, 484, 485, 486, 487, 497, 498, 499, 500, 501, 502, 506, 507, 508, 509, 526, 527, 528, 529, 530, 536, 538, 542, 543, 544, 545, 547, 548, 549, 550, 560, 561, 562, 563, 564, 575, 576, 579, 580, 581, 587, 616, 638, 656, 677, 678, 680, 681, 683, 684, 690, 691, 693], "excluded_lines": []}}}, "backend/app/api/v1/endpoints/health.py": {"executed_lines": [1, 8, 10, 11, 12, 13, 14, 15, 17, 20, 21, 32, 33, 88, 89, 110, 111, 132, 133], "summary": {"covered_lines": 18, "num_statements": 61, "percent_covered": 29.508196721311474, "percent_covered_display": "30", "missing_lines": 43, "excluded_lines": 0}, "missing_lines": [23, 24, 35, 36, 38, 39, 40, 43, 44, 45, 48, 49, 51, 73, 74, 76, 77, 78, 79, 91, 92, 93, 94, 96, 101, 102, 103, 113, 114, 115, 116, 118, 123, 124, 125, 135, 136, 137, 138, 140, 145, 146, 147], "excluded_lines": [], "functions": {"health_check": {"executed_lines": [], "summary": {"covered_lines": 0, "num_statements": 2, "percent_covered": 0.0, "percent_covered_display": "0", "missing_lines": 2, "excluded_lines": 0}, "missing_lines": [23, 24], "excluded_lines": []}, "detailed_health_check": {"executed_lines": [], "summary": {"covered_lines": 0, "num_statements": 17, "percent_covered": 0.0, "percent_covered_display": "0", "missing_lines": 17, "excluded_lines": 0}, "missing_lines": [35, 36, 38, 39, 40, 43, 44, 45, 48, 49, 51, 73, 74, 76, 77, 78, 79], "excluded_lines": []}, "database_health": {"executed_lines": [], "summary": {"covered_lines": 0, "num_statements": 8, "percent_covered": 0.0, "percent_covered_display": "0", "missing_lines": 8, "excluded_lines": 0}, "missing_lines": [91, 92, 93, 94, 96, 101, 102, 103], "excluded_lines": []}, "redis_health": {"executed_lines": [], "summary": {"covered_lines": 0, "num_statements": 8, "percent_covered": 0.0, "percent_covered_display": "0", "missing_lines": 8, "excluded_lines": 0}, "missing_lines": [113, 114, 115, 116, 118, 123, 124, 125], "excluded_lines": []}, "weaviate_health": {"executed_lines": [], "summary": {"covered_lines": 0, "num_statements": 8, "percent_covered": 0.0, "percent_covered_display": "0", "missing_lines": 8, "excluded_lines": 0}, "missing_lines": [135, 136, 137, 138, 140, 145, 146, 147], "excluded_lines": []}, "": {"executed_lines": [1, 8, 10, 11, 12, 13, 14, 15, 17, 20, 21, 32, 33, 88, 89, 110, 111, 132, 133], "summary": {"covered_lines": 18, "num_statements": 18, "percent_covered": 100.0, "percent_covered_display": "100", "missing_lines": 0, "excluded_lines": 0}, "missing_lines": [], "excluded_lines": []}}, "classes": {"": {"executed_lines": [1, 8, 10, 11, 12, 13, 14, 15, 17, 20, 21, 32, 33, 88, 89, 110, 111, 132, 133], "summary": {"covered_lines": 18, "num_statements": 61, "percent_covered": 29.508196721311474, "percent_covered_display": "30", "missing_lines": 43, "excluded_lines": 0}, "missing_lines": [23, 24, 35, 36, 38, 39, 40, 43, 44, 45, 48, 49, 51, 73, 74, 76, 77, 78, 79, 91, 92, 93, 94, 96, 101, 102, 103, 113, 114, 115, 116, 118, 123, 124, 125, 135, 136, 137, 138, 140, 145, 146, 147], "excluded_lines": []}}}, "backend/app/api/v1/endpoints/hybrid_mode.py": {"executed_lines": [1, 8, 9, 11, 12, 13, 21, 22, 23, 24, 25, 27, 30, 31, 33, 34, 35, 40, 41, 43, 46, 49, 55, 58, 61, 64, 69, 70, 72, 73, 74, 75, 78, 81, 82, 84, 85, 88, 91, 94, 138, 141, 183, 187, 229, 232, 276, 279, 323, 324, 366, 367, 400, 401, 426, 427], "summary": {"covered_lines": 51, "num_statements": 130, "percent_covered": 39.23076923076923, "percent_covered_display": "39", "missing_lines": 79, "excluded_lines": 0}, "missing_lines": [114, 116, 117, 118, 120, 127, 128, 130, 131, 132, 159, 160, 168, 170, 173, 175, 176, 177, 203, 204, 205, 206, 211, 219, 220, 221, 222, 223, 250, 252, 253, 255, 261, 268, 269, 270, 297, 298, 299, 300, 306, 307, 308, 310, 311, 313, 314, 315, 316, 317, 344, 345, 346, 347, 353, 354, 356, 357, 358, 359, 360, 383, 384, 386, 387, 392, 393, 394, 415, 416, 418, 419, 420, 441, 442, 471, 473, 474, 475], "excluded_lines": [], "functions": {"initialize_hybrid_mode": {"executed_lines": [], "summary": {"covered_lines": 0, "num_statements": 10, "per
[...]
0}, "missing_lines": [31, 33, 45, 46, 72, 74, 87, 88], "excluded_lines": [], "functions": {"WebSearchTool.execute": {"executed_lines": [], "summary": {"covered_lines": 0, "num_statements": 4, "percent_covered": 0.0, "percent_covered_display": "0", "missing_lines": 4, "excluded_lines": 0}, "missing_lines": [31, 33, 45, 46], "excluded_lines": []}, "WikipediaSearchTool.execute": {"executed_lines": [], "summary": {"covered_lines": 0, "num_statements": 4, "percent_covered": 0.0, "percent_covered_display": "0", "missing_lines": 4, "excluded_lines": 0}, "missing_lines": [72, 74, 87, 88], "excluded_lines": []}, "": {"executed_lines": [1, 7, 9, 12, 13, 15, 16, 17, 29, 53, 54, 56, 57, 58, 70], "summary": {"covered_lines": 12, "num_statements": 12, "percent_covered": 100.0, "percent_covered_display": "100", "missing_lines": 0, "excluded_lines": 0}, "missing_lines": [], "excluded_lines": []}}, "classes": {"WebSearchTool": {"executed_lines": [], "summary": {"covered_lines": 0, "num_statements": 4, "percent_covered": 0.0, "percent_covered_display": "0", "missing_lines": 4, "excluded_lines": 0}, "missing_lines": [31, 33, 45, 46], "excluded_lines": []}, "WikipediaSearchTool": {"executed_lines": [], "summary": {"covered_lines": 0, "num_statements": 4, "percent_covered": 0.0, "percent_covered_display": "0", "missing_lines": 4, "excluded_lines": 0}, "missing_lines": [72, 74, 87, 88], "excluded_lines": []}, "": {"executed_lines": [1, 7, 9, 12, 13, 15, 16, 17, 29, 53, 54, 56, 57, 58, 70], "summary": {"covered_lines": 12, "num_statements": 12, "percent_covered": 100.0, "percent_covered_display": "100", "missing_lines": 0, "excluded_lines": 0}, "missing_lines": [], "excluded_lines": []}}}, "backend/app/utils/__init__.py": {"executed_lines": [1, 7, 8, 9, 11], "summary": {"covered_lines": 4, "num_statements": 4, "percent_covered": 100.0, "percent_covered_display": "100", "missing_lines": 0, "excluded_lines": 0}, "missing_lines": [], "excluded_lines": [], "functions": {"": {"executed_lines": [1, 7, 8, 9, 11], "summary": {"covered_lines": 4, "num_statements": 4, "percent_covered": 100.0, "percent_covered_display": "100", "missing_lines": 0, "excluded_lines": 0}, "missing_lines": [], "excluded_lines": []}}, "classes": {"": {"executed_lines": [1, 7, 8, 9, 11], "summary": {"covered_lines": 4, "num_statements": 4, "percent_covered": 100.0, "percent_covered_display": "100", "missing_lines": 0, "excluded_lines": 0}, "missing_lines": [], "excluded_lines": []}}}, "backend/app/utils/exceptions.py": {"executed_lines": [1, 6, 7, 10, 11, 14, 15, 18, 19, 22, 23, 26, 27, 30, 31, 34, 35, 38, 39, 42, 43, 46, 47, 50, 51, 54, 55, 58, 59, 62, 63, 66, 67, 70, 71, 74, 75, 78, 79, 82, 83, 86, 87, 90, 91, 94, 95, 98, 99, 102, 103, 106, 107, 110, 111, 114, 115, 118, 119, 122, 123, 126, 127, 130, 131, 134, 135, 138, 139], "summary": {"covered_lines": 34, "num_statements": 34, "percent_covered": 100.0, "percent_covered_display": "100", "missing_lines": 0, "excluded_lines": 0}, "missing_lines": [], "excluded_lines": [], "functions": {"": {"executed_lines": [1, 6, 7, 10, 11, 14, 15, 18, 19, 22, 23, 26, 27, 30, 31, 34, 35, 38, 39, 42, 43, 46, 47, 50, 51, 54, 55, 58, 59, 62, 63, 66, 67, 70, 71, 74, 75, 78, 79, 82, 83, 86, 87, 90, 91, 94, 95, 98, 99, 102, 103, 106, 107, 110, 111, 114, 115, 118, 119, 122, 123, 126, 127, 130, 131, 134, 135, 138, 139], "summary": {"covered_lines": 34, "num_statements": 34, "percent_covered": 100.0, "percent_covered_display": "100", "missing_lines": 0, "excluded_lines": 0}, "missing_lines": [], "excluded_lines": []}}, "classes": {"ConvoSphereError": {"executed_lines": [], "summary": {"covered_lines": 0, "num_statements": 0, "percent_covered": 100.0, "percent_covered_display": "100", "missing_lines": 0, "excluded_lines": 0}, "missing_lines": [], "excluded_lines": []}, "UserNotFoundError": {"executed_lines": [], "summary": {"covered_lines": 0, "num_statements": 0, "percent_covered": 100.0, "percent_covered_display": "100", "missing_lines": 0, "excluded_lines": 0}, "missing_lines": [], "excluded_lines": []}, "UserAlreadyExistsError": {"executed_lines": [], "summary": {"covered_lines": 0, "num_statements": 0, "percent_covered": 100.0, "percent_covered_display": "100", "missing_lines": 0, "excluded_lines": 0}, "missing_lines": [], "excluded_lines": []}, "InvalidCredentialsError": {"executed_lines": [], "summary": {"covered_lines": 0, "num_statements": 0, "percent_covered": 100.0, "percent_covered_display": "100", "missing_lines": 0, "excluded_lines": 0}, "missing_lines": [], "excluded_lines": []}, "PermissionDeniedError": {"executed_lines": [], "summary": {"covered_lines": 0, "num_statements": 0, "percent_covered": 100.0, "percent_covered_display": "100", "missing_lines": 0, "excluded_lines": 0}, "missing_lines": [], "excluded_lines": []}, "UserLockedError": {"executed_lines": [], "summary": {"covered_lines": 0, "num_statements": 0, "percent_covered": 100.0, "percent_covered_display": "100", "missing_lines": 0, "excluded_lines": 0}, "missing_lines": [], "excluded_lines": []}, "GroupNotFoundError": {"executed_lines": [], "summary": {"covered_lines": 0, "num_statements": 0, "percent_covered": 100.0, "percent_covered_display": "100", "missing_lines": 0, "excluded_lines": 0}, "missing_lines": [], "excluded_lines": []}, "AssistantNotFoundError": {"executed_lines": [], "summary": {"covered_lines": 0, "num_statements": 0, "percent_covered": 100.0, "percent_covered_display": "100", "missing_lines": 0, "excluded_lines": 0}, "missing_lines": [], "excluded_lines": []}, "ToolNotFoundError": {"executed_lines": [], "summary": {"covered_lines": 0, "num_statements": 0, "percent_covered": 100.0, "percent_covered_display": "100", "missing_lines": 0, "excluded_lines": 0}, "missing_lines": [], "excluded_lines": []}, "ConversationNotFoundError": {"executed_lines": [], "summary": {"covered_lines": 0, "num_statements": 0, "percent_covered": 100.0, "percent_covered_display": "100", "missing_lines": 0, "excluded_lines": 0}, "missing_lines": [], "excluded_lines": []}, "MessageNotFoundError": {"executed_lines": [], "summary": {"covered_lines": 0, "num_statements": 0, "percent_covered": 100.0, "percent_covered_display": "100", "missing_lines": 0, "excluded_lines": 0}, "missing_lines": [], "excluded_lines": []}, "DatabaseError": {"executed_lines": [], "summary": {"covered_lines": 0, "num_statements": 0, "percent_covered": 100.0, "percent_covered_display": "100", "missing_lines": 0, "excluded_lines": 0}, "missing_lines": [], "excluded_lines": []}, "RedisError": {"executed_lines": [], "summary": {"covered_lines": 0, "num_statements": 0, "percent_covered": 100.0, "percent_covered_display": "100", "missing_lines": 0, "excluded_lines": 0}, "missing_lines": [], "excluded_lines": []}, "WeaviateError": {"executed_lines": [], "summary": {"covered_lines": 0, "num_statements": 0, "percent_covered": 100.0, "percent_covered_display": "100", "missing_lines": 0, "excluded_lines": 0}, "missing_lines": [], "excluded_lines": []}, "ValidationError": {"executed_lines": [], "summary": {"covered_lines": 0, "num_statements": 0, "percent_covered": 100.0, "percent_covered_display": "100", "missing_lines": 0, "excluded_lines": 0}, "missing_lines": [], "excluded_lines": []}, "ConfigurationError": {"executed_lines": [], "summary": {"covered_lines": 0, "num_statements": 0, "percent_covered": 100.0, "percent_covered_display": "100", "missing_lines": 0, "excluded_lines": 0}, "missing_lines": [], "excluded_lines": []}, "ExternalServiceError": {"executed_lines": [], "summary": {"covered_lines": 0, "num_statements": 0, "percent_covered": 100.0, "percent_covered_display": "100", "missing_lines": 0, "excluded_lines": 0}, "missing_lines": [], "excluded_lines": []}, "RateLimitError": {"executed_lines": [], "summary": {"covered_lines": 0, "num_statements": 0, "percent_covered": 100.0, "percent_covered_display": "100", "missing_lines": 0, "excluded_lines": 0}, "missing_lines": [], "excluded_lines": []}, "FileUploadError": {"executed_lines": [], "summary": {"covered_lines": 0, "num_statements": 0, "percent_covered": 100.0, "percent_covered_display": "100", "missing_lines": 0, "excluded_lines": 0}, "missing_lines": [], "excluded_lines": []}, "ProcessingError": {"executed_lines": [], "summary": {"covered_lines": 0, "num_statements": 0, "percent_covered": 100.0, "percent_covered_display": "100", "missing_lines": 0, "excluded_lines": 0}, "missing_lines": [], "excluded_lines": []}, "AuthenticationError": {"executed_lines": [], "summary": {"covered_lines": 0, "num_statements": 0, "percent_covered": 100.0, "percent_covered_display": "100", "missing_lines": 0, "excluded_lines": 0}, "missing_lines": [], "excluded_lines": []}, "SSOConfigurationError": {"executed_lines": [], "summary": {"covered_lines": 0, "num_statements": 0, "percent_covered": 100.0, "percent_covered_display": "100", "missing_lines": 0, "excluded_lines": 0}, "missing_lines": [], "excluded_lines": []}, "GroupSyncError": {"executed_lines": [], "summary": {"covered_lines": 0, "num_statements": 0, "percent_covered": 100.0, "percent_covered_display": "100", "missing_lines": 0, "excluded_lines": 0}, "missing_lines": [], "excluded_lines": []}, "DomainGroupNotFoundError": {"executed_lines": [], "summary": {"covered_lines": 0, "num_statements": 0, "percent_covered": 100.0, "percent_covered_display": "100", "missing_lines": 0, "excluded_lines": 0}, "missing_lines": [], "excluded_lines": []}, "ResourceNotFoundError": {"executed_lines": [], "summary": {"covered_lines": 0, "num_statements": 0, "percent_covered": 100.0, "percent_covered_display": "100", "missing_lines": 0, "excluded_lines": 0}, "missing_lines": [], "excluded_lines": []}, "InvitationNotFoundError": {"executed_lines": [], "summary": {"covered_lines": 0, "num_statements": 0, "percent_covered": 100.0, "percent_covered_display": "100", "missing_lines": 0, "excluded_lines": 0}, "missing_lines": [], "excluded_lines": []}, "InvalidAccessLevelError": {"executed_lines": [], "summary": {"covered_lines": 0, "num_statements": 0, "percent_covered": 100.0, "percent_covered_display": "100", "missing_lines": 0, "excluded_lines": 0}, "missing_lines": [], "excluded_lines": []}, "SessionError": {"executed_lines": [], "summary": {"covered_lines": 0, "num_statements": 0, "percent_covered": 100.0, "percent_covered_display": "100", "missing_lines": 0, "excluded_lines": 0}, "missing_lines": [], "excluded_lines": []}, "SecurityError": {"executed_lines": [], "summary": {"covered_lines": 0, "num_statements": 0, "percent_covered": 100.0, "percent_covered_display": "100", "missing_lines": 0, "excluded_lines": 0}, "missing_lines": [], "excluded_lines": []}, "AuditError": {"executed_lines": [], "summary": {"covered_lines": 0, "num_statements": 0, "percent_covered": 100.0, "percent_covered_display": "100", "missing_lines": 0, "excluded_lines": 0}, "missing_lines": [], "excluded_lines": []}, "ComplianceError": {"executed_lines": [], "summary": {"covered_lines": 0, "num_statements": 0, "percent_covered": 100.0, "percent_covered_display": "100", "missing_lines": 0, "excluded_lines": 0}, "missing_lines": [], "excluded_lines": []}, "RetentionError": {"executed_lines": [], "summary": {"covered_lines": 0, "num_statements": 0, "percent_covered": 100.0, "percent_covered_display": "100", "missing_lines": 0, "excluded_lines": 0}, "missing_lines": [], "excluded_lines": []}, "ArchiveError": {"executed_lines": [], "summary": {"covered_lines": 0, "num_statements": 0, "percent_covered": 100.0, "percent_covered_display": "100", "missing_lines": 0, "excluded_lines": 0}, "missing_lines": [], "excluded_lines": []}, "AlertError": {"executed_lines": [], "summary": {"covered_lines": 0, "num_statements": 0, "percent_covered": 100.0, "percent_covered_display": "100", "missing_lines": 0, "excluded_lines": 0}, "missing_lines": [], "excluded_lines": []}, "": {"executed_lines": [1, 6, 7, 10, 11, 14, 15, 18, 19, 22, 23, 26, 27, 30, 31, 34, 35, 38, 39, 42, 43, 46, 47, 50, 51, 54, 55, 58, 59, 62, 63, 66, 67, 70, 71, 74, 75, 78, 79, 82, 83, 86, 87, 90, 91, 94, 95, 98, 99, 102, 103, 106, 107, 110, 111, 114, 115, 118, 119, 122, 123, 126, 127, 130, 131, 134, 135, 138, 139], "summary": {"covered_lines": 34, "num_statements": 34, "percent_covered": 100.0, "percent_covered_display": "100", "missing_lines": 0, "excluded_lines": 0}, "missing_lines": [], "excluded_lines": []}}}, "backend/app/utils/helpers.py": {"executed_lines": [1, 3, 4, 5, 8, 15, 18, 32, 55, 73, 83, 84, 87, 89, 91, 95, 98, 108, 109, 110, 111, 114, 123, 124, 125, 126, 127, 128, 129], "summary": {"covered_lines": 28, "num_statements": 41, "percent_covered": 68.29268292682927, "percent_covered_display": "68", "missing_lines": 13, "excluded_lines": 0}, "missing_lines": [29, 46, 47, 48, 49, 50, 51, 52, 67, 68, 70, 92, 93], "excluded_lines": [], "functions": {"generate_uuid": {"executed_lines": [15], "summary": {"covered_lines": 1, "num_statements": 1, "percent_covered": 100.0, "percent_covered_display": "100", "missing_lines": 0, "excluded_lines": 0}, "missing_lines": [], "excluded_lines": []}, "format_datetime": {"executed_lines": [], "summary": {"covered_lines": 0, "num_statements": 1, "percent_covered": 0.0, "percent_covered_display": "0", "missing_lines": 1, "excluded_lines": 0}, "missing_lines": [29], "excluded_lines": []}, "parse_datetime": {"executed_lines": [], "summary": {"covered_lines": 0, "num_statements": 7, "percent_covered": 0.0, "percent_covered_display": "0", "missing_lines": 7, "excluded_lines": 0}, "missing_lines": [46, 47, 48, 49, 50, 51, 52], "excluded_lines": []}, "truncate_text": {"executed_lines": [], "summary": {"covered_lines": 0, "num_statements": 3, "percent_covered": 0.0, "percent_covered_display": "0", "missing_lines": 3, "excluded_lines": 0}, "missing_lines": [67, 68, 70], "excluded_lines": []}, "sanitize_filename": {"executed_lines": [83, 84, 87, 89, 91, 95], "summary": {"covered_lines": 6, "num_statements": 8, "percent_covered": 75.0, "percent_covered_display": "75", "missing_lines": 2, "excluded_lines": 0}, "missing_lines": [92, 93], "excluded_lines": []}, "validate_email": {"executed_lines": [108, 109, 110, 111], "summary": {"covered_lines": 4, "num_statements": 4, "percent_covered": 100.0, "percent_covered_display": "100", "missing_lines": 0, "excluded_lines": 0}, "missing_lines": [], "excluded_lines": []}, "validate_password_strength": {"executed_lines": [123, 124, 125, 126, 127, 128, 129], "summary": {"covered_lines": 7, "num_statements": 7, "percent_covered": 100.0, "percent_covered_display": "100", "missing_lines": 0, "excluded_lines": 0}, "missing_lines": [], "excluded_lines": []}, "": {"executed_lines": [1, 3, 4, 5, 8, 18, 32, 55, 73, 98, 114], "summary": {"covered_lines": 10, "num_statements": 10, "percent_covered": 100.0, "percent_covered_display": "100", "missing_lines": 0, "excluded_lines": 0}, "missing_lines": [], "excluded_lines": []}}, "classes": {"": {"executed_lines": [1, 3, 4, 5, 8, 15, 18, 32, 55, 73, 83, 84, 87, 89, 91, 95, 98, 108, 109, 110, 111, 114, 123, 124, 125, 126, 127, 128, 129], "summary": {"covered_lines": 28, "num_statements": 41, "percent_covered": 68.29268292682927, "percent_covered_display": "68", "missing_lines": 13, "excluded_lines": 0}, "missing_lines": [29, 46, 47, 48, 49, 50, 51, 52, 67, 68, 70, 92, 93], "excluded_lines": []}}}, "backend/app/utils/security.py": {"executed_lines": [1, 3, 4, 6, 7, 9, 10, 13, 34, 62, 79, 119, 133], "summary": {"covered_lines": 12, "num_statements": 47, "percent_covered": 25.53191489361702, "percent_covered_display": "26", "missing_lines": 35, "excluded_lines": 0}, "missing_lines": [18, 19, 20, 21, 22, 23, 25, 26, 27, 31, 45, 47, 54, 76, 92, 93, 94, 97, 98, 100, 101, 103, 104, 105, 108, 109, 111, 112, 114, 116, 130, 143, 144, 146, 147], "excluded_lines": [], "functions": {"rate_limiter": {"executed_lines": [], "summary": {"covered_lines": 0, "num_statements": 10, "percent_covered": 0.0, "percent_covered_display": "0", "missing_lines": 10, "excluded_lines": 0}, "missing_lines": [18, 19, 20, 21, 22, 23, 25, 26, 27, 31], "excluded_lines": []}, "sanitize_input": {"executed_lines": [], "summary": {"covered_lines": 0, "num_statements": 3, "percent_covered": 0.0, "percent_covered_display": "0", "missing_lines": 3, "excluded_lines": 0}, "missing_lines": [45, 47, 54], "excluded_lines": []}, "validate_permissions": {"executed_lines": [], "summary": {"covered_lines": 0, "num_statements": 1, "percent_covered": 0.0, "percent_covered_display": "0", "missing_lines": 1, "excluded_lines": 0}, "missing_lines": [76], "excluded_lines": []}, "check_rate_limit": {"executed_lines": [], "summary": {"covered_lines": 0, "num_statements": 16, "percent_covered": 0.0, "percent_covered_display": "0", "missing_lines": 16, "excluded_lines": 0}, "missing_lines": [92, 93, 94, 97, 98, 100, 101, 103, 104, 105, 108, 109, 111, 112, 114, 116], "excluded_lines": []}, "validate_api_key": {"executed_lines": [], "summary": {"covered_lines": 0, "num_statements": 1, "percent_covered": 0.0, "percent_covered_display": "0", "missing_lines": 1, "excluded_lines": 0}, "missing_lines": [130], "excluded_lines": []}, "generate_secure_token": {"executed_lines": [], "summary": {"covered_lines": 0, "num_statements": 4, "percent_covered": 0.0, "percent_covered_display": "0", "missing_lines": 4, "excluded_lines": 0}, "missing_lines": [143, 144, 146, 147], "excluded_lines": []}, "": {"executed_lines": [1, 3, 4, 6, 7, 9, 10, 13, 34, 62, 79, 119, 133], "summary": {"covered_lines": 12, "num_statements": 12, "percent_covered": 100.0, "percent_covered_display": "100", "missing_lines": 0, "excluded_lines": 0}, "missing_lines": [], "excluded_lines": []}}, "classes": {"": {"executed_lines": [1, 3, 4, 6, 7, 9, 10, 13, 34, 62, 79, 119, 133], "summary": {"covered_lines": 12, "num_statements": 47, "percent_covered": 25.53191489361702, "percent_covered_display": "26", "missing_lines": 35, "excluded_lines": 0}, "missing_lines": [18, 19, 20, 21, 22, 23, 25, 26, 27, 31, 45, 47, 54, 76, 92, 93, 94, 97, 98, 100, 101, 103, 104, 105, 108, 109, 111, 112, 114, 116, 130, 143, 144, 146, 147], "excluded_lines": []}}}, "backend/app/utils/validators.py": {"executed_lines": [1, 3, 6, 20, 45], "summary": {"covered_lines": 4, "num_statements": 22, "percent_covered": 18.181818181818183, "percent_covered_display": "18", "missing_lines": 18, "excluded_lines": 0}, "missing_lines": [16, 17, 30, 31, 33, 34, 36, 37, 42, 55, 56, 58, 59, 61, 62, 64, 65, 67], "excluded_lines": [], "functions": {"validate_email": {"executed_lines": [], "summary": {"covered_lines": 0, "num_statements": 2, "percent_covered": 0.0, "percent_covered_display": "0", "missing_lines": 2, "excluded_lines": 0}, "missing_lines": [16, 17], "excluded_lines": []}, "validate_username": {"executed_lines": [], "summary": {"covered_lines": 0, "num_statements": 7, "percent_covered": 0.0, "percent_covered_display": "0", "missing_lines": 7, "excluded_lines": 0}, "missing_lines": [30, 31, 33, 34, 36, 37, 42], "excluded_lines": []}, "validate_password_strength": {"executed_lines": [], "summary": {"covered_lines": 0, "num_statements": 9, "percent_covered": 0.0, "percent_covered_display": "0", "missing_lines": 9, "excluded_lines": 0}, "missing_lines": [55, 56, 58, 59, 61, 62, 64, 65, 67], "excluded_lines": []}, "": {"executed_lines": [1, 3, 6, 20, 45], "summary": {"covered_lines": 4, "num_statements": 4, "percent_covered": 100.0, "percent_covered_display": "100", "missing_lines": 0, "excluded_lines": 0}, "missing_lines": [], "excluded_lines": []}}, "classes": {"": {"executed_lines": [1, 3, 6, 20, 45], "summary": {"covered_lines": 4, "num_statements": 22, "percent_covered": 18.181818181818183, "percent_covered_display": "18", "missing_lines": 18, "excluded_lines": 0}, "missing_lines": [16, 17, 30, 31, 33, 34, 36, 37, 42, 55, 56, 58, 59, 61, 62, 64, 65, 67], "excluded_lines": []}}}}, "totals": {"covered_lines": 5940, "num_statements": 15647, "percent_covered": 37.96254873138621, "percent_covered_display": "38", "missing_lines": 9707, "excluded_lines": 0}}